2014-02-16 20:27:36.554+0000 INFO  [o.n.k.i.DiagnosticsManager]: --- INITIALIZED diagnostics START ---
2014-02-16 20:27:36.556+0000 INFO  [o.n.k.i.DiagnosticsManager]: Neo4j Kernel properties:
2014-02-16 20:27:36.558+0000 INFO  [o.n.k.i.DiagnosticsManager]: neostore.propertystore.db.mapped_memory=1605M
2014-02-16 20:27:36.558+0000 INFO  [o.n.k.i.DiagnosticsManager]: neo_store=/Users/alvaro/Desktop/neo4j-community-1.9.6/data/graph.db/neostore
2014-02-16 20:27:36.558+0000 INFO  [o.n.k.i.DiagnosticsManager]: neostore.nodestore.db.mapped_memory=445M
2014-02-16 20:27:36.558+0000 INFO  [o.n.k.i.DiagnosticsManager]: neostore.propertystore.db.strings.mapped_memory=1364M
2014-02-16 20:27:36.558+0000 INFO  [o.n.k.i.DiagnosticsManager]: neo4j.ext.udc.source=server
2014-02-16 20:27:36.558+0000 INFO  [o.n.k.i.DiagnosticsManager]: store_dir=data/graph.db
2014-02-16 20:27:36.558+0000 INFO  [o.n.k.i.DiagnosticsManager]: neostore.relationshipstore.db.mapped_memory=1966M
2014-02-16 20:27:36.558+0000 INFO  [o.n.k.i.DiagnosticsManager]: keep_logical_logs=true
2014-02-16 20:27:36.558+0000 INFO  [o.n.k.i.DiagnosticsManager]: neostore.propertystore.db.arrays.mapped_memory=1546M
2014-02-16 20:27:36.558+0000 INFO  [o.n.k.i.DiagnosticsManager]: remote_shell_enabled=true
2014-02-16 20:27:36.558+0000 INFO  [o.n.k.i.DiagnosticsManager]: ephemeral=false
2014-02-16 20:27:36.559+0000 INFO  [o.n.k.i.DiagnosticsManager]: Diagnostics providers:
2014-02-16 20:27:36.559+0000 INFO  [o.n.k.i.DiagnosticsManager]: org.neo4j.kernel.configuration.Config
2014-02-16 20:27:36.559+0000 INFO  [o.n.k.i.DiagnosticsManager]: org.neo4j.kernel.info.DiagnosticsManager
2014-02-16 20:27:36.560+0000 INFO  [o.n.k.i.DiagnosticsManager]: SYSTEM_MEMORY
2014-02-16 20:27:36.560+0000 INFO  [o.n.k.i.DiagnosticsManager]: JAVA_MEMORY
2014-02-16 20:27:36.560+0000 INFO  [o.n.k.i.DiagnosticsManager]: OPERATING_SYSTEM
2014-02-16 20:27:36.560+0000 INFO  [o.n.k.i.DiagnosticsManager]: JAVA_VIRTUAL_MACHINE
2014-02-16 20:27:36.560+0000 INFO  [o.n.k.i.DiagnosticsManager]: CLASSPATH
2014-02-16 20:27:36.560+0000 INFO  [o.n.k.i.DiagnosticsManager]: LIBRARY_PATH
2014-02-16 20:27:36.560+0000 INFO  [o.n.k.i.DiagnosticsManager]: SYSTEM_PROPERTIES
2014-02-16 20:27:36.560+0000 INFO  [o.n.k.i.DiagnosticsManager]: NETWORK
2014-02-16 20:27:36.560+0000 INFO  [o.n.k.i.DiagnosticsManager]: System memory information:
2014-02-16 20:27:36.562+0000 INFO  [o.n.k.i.DiagnosticsManager]: Total Physical memory: 16,00 GB
2014-02-16 20:27:36.562+0000 INFO  [o.n.k.i.DiagnosticsManager]: Free Physical memory: 1,17 GB
2014-02-16 20:27:36.562+0000 INFO  [o.n.k.i.DiagnosticsManager]: Committed virtual memory: 3,61 GB
2014-02-16 20:27:36.563+0000 INFO  [o.n.k.i.DiagnosticsManager]: Total swap space: 1,00 GB
2014-02-16 20:27:36.563+0000 INFO  [o.n.k.i.DiagnosticsManager]: Free swap space: 667,25 MB
2014-02-16 20:27:36.564+0000 INFO  [o.n.k.i.DiagnosticsManager]: JVM memory information:
2014-02-16 20:27:36.564+0000 INFO  [o.n.k.i.DiagnosticsManager]: Free  memory: 44,87 MB
2014-02-16 20:27:36.564+0000 INFO  [o.n.k.i.DiagnosticsManager]: Total memory: 59,88 MB
2014-02-16 20:27:36.564+0000 INFO  [o.n.k.i.DiagnosticsManager]: Max   memory: 959,00 MB
2014-02-16 20:27:36.565+0000 INFO  [o.n.k.i.DiagnosticsManager]: Garbage Collector: ParNew: [Par Eden Space, Par Survivor Space]
2014-02-16 20:27:36.566+0000 INFO  [o.n.k.i.DiagnosticsManager]: Garbage Collector: ConcurrentMarkSweep: [Par Eden Space, Par Survivor Space, CMS Old Gen, CMS Perm Gen]
2014-02-16 20:27:36.567+0000 INFO  [o.n.k.i.DiagnosticsManager]: Memory Pool: Code Cache (Non-heap memory): committed=2,44 MB, used=687,06 kB, max=48,00 MB, threshold=0,00 B
2014-02-16 20:27:36.567+0000 INFO  [o.n.k.i.DiagnosticsManager]: Memory Pool: Par Eden Space (Heap memory): committed=16,50 MB, used=9,62 MB, max=264,00 MB, threshold=?
2014-02-16 20:27:36.567+0000 INFO  [o.n.k.i.DiagnosticsManager]: Memory Pool: Par Survivor Space (Heap memory): committed=2,06 MB, used=2,06 MB, max=33,00 MB, threshold=?
2014-02-16 20:27:36.568+0000 INFO  [o.n.k.i.DiagnosticsManager]: Memory Pool: CMS Old Gen (Heap memory): committed=41,31 MB, used=3,32 MB, max=662,00 MB, threshold=0,00 B
2014-02-16 20:27:36.568+0000 INFO  [o.n.k.i.DiagnosticsManager]: Memory Pool: CMS Perm Gen (Non-heap memory): committed=20,75 MB, used=12,14 MB, max=82,00 MB, threshold=0,00 B
2014-02-16 20:27:36.568+0000 INFO  [o.n.k.i.DiagnosticsManager]: Operating system information:
2014-02-16 20:27:36.569+0000 INFO  [o.n.k.i.DiagnosticsManager]: Operating System: Mac OS X; version: 10.9.1; arch: x86_64; cpus: 8
2014-02-16 20:27:36.570+0000 INFO  [o.n.k.i.DiagnosticsManager]: Max number of file descriptors: 10240
2014-02-16 20:27:36.570+0000 INFO  [o.n.k.i.DiagnosticsManager]: Number of open file descriptors: 89
2014-02-16 20:27:36.570+0000 INFO  [o.n.k.i.DiagnosticsManager]: Process id: 1770@macbookpro.local
2014-02-16 20:27:36.570+0000 INFO  [o.n.k.i.DiagnosticsManager]: Byte order: LITTLE_ENDIAN
2014-02-16 20:27:36.570+0000 INFO  [o.n.k.i.DiagnosticsManager]: Local timezone: Europe/Madrid
2014-02-16 20:27:36.570+0000 INFO  [o.n.k.i.DiagnosticsManager]: JVM information:
2014-02-16 20:27:36.570+0000 INFO  [o.n.k.i.DiagnosticsManager]: VM Name: Java HotSpot(TM) 64-Bit Server VM
2014-02-16 20:27:36.570+0000 INFO  [o.n.k.i.DiagnosticsManager]: VM Vendor: Oracle Corporation
2014-02-16 20:27:36.571+0000 INFO  [o.n.k.i.DiagnosticsManager]: VM Version: 23.21-b01
2014-02-16 20:27:36.571+0000 INFO  [o.n.k.i.DiagnosticsManager]: JIT compiler: HotSpot 64-Bit Tiered Compilers
2014-02-16 20:27:36.571+0000 INFO  [o.n.k.i.DiagnosticsManager]: VM Arguments: [-XX:+DisableExplicitGC, -Dorg.neo4j.server.properties=conf/neo4j-server.properties, -Djava.util.logging.config.file=conf/logging.properties, -Dlog4j.configuration=file:conf/log4j.properties, -XX:+UseConcMarkSweepGC, -XX:+CMSClassUnloadingEnabled, -Dneo4j.home=/Users/alvaro/Desktop/neo4j-community-1.9.6, -Dneo4j.instance=/Users/alvaro/Desktop/neo4j-community-1.9.6, -Dfile.encoding=UTF-8]
2014-02-16 20:27:36.571+0000 INFO  [o.n.k.i.DiagnosticsManager]: Java classpath:
2014-02-16 20:27:36.573+0000 INFO  [o.n.k.i.DiagnosticsManager]:  [classpath + loader.0] file:/Users/alvaro/Desktop/neo4j-community-1.9.6/system/lib/rhino-1.7R3.jar
2014-02-16 20:27:36.573+0000 INFO  [o.n.k.i.DiagnosticsManager]:  [loader.1] file:/System/Library/Java/Extensions/dns_sd.jar
2014-02-16 20:27:36.573+0000 INFO  [o.n.k.i.DiagnosticsManager]:  [classpath + loader.0] file:/Users/alvaro/Desktop/neo4j-community-1.9.6/system/lib/bcprov-jdk16-140.jar
2014-02-16 20:27:36.573+0000 INFO  [o.n.k.i.DiagnosticsManager]:  [classpath + loader.0] file:/Users/alvaro/Desktop/neo4j-community-1.9.6/plugins/gremlin1.5/neo4j-gremlin-plugin-1.9.6.jar
2014-02-16 20:27:36.573+0000 INFO  [o.n.k.i.DiagnosticsManager]:  [loader.1] file:/System/Library/Java/Extensions/MRJToolkit.jar
2014-02-16 20:27:36.573+0000 INFO  [o.n.k.i.DiagnosticsManager]:  [loader.1] file:/System/Library/Java/Extensions/vecmath.jar
2014-02-16 20:27:36.573+0000 INFO  [o.n.k.i.DiagnosticsManager]:  [loader.1] file:/System/Library/Java/Extensions/libmlib_jai.jnilib
2014-02-16 20:27:36.573+0000 INFO  [o.n.k.i.DiagnosticsManager]:  [bootstrap] /Library/Java/JavaVirtualMachines/jdk1.7.0_21.jdk/Contents/Home/jre/lib/jfr.jar
2014-02-16 20:27:36.573+0000 INFO  [o.n.k.i.DiagnosticsManager]:  [classpath + loader.0] file:/Users/alvaro/Desktop/neo4j-community-1.9.6/system/lib/jackson-core-asl-1.9.7.jar
2014-02-16 20:27:36.573+0000 INFO  [o.n.k.i.DiagnosticsManager]:  [classpath + loader.0] file:/Users/alvaro/Desktop/neo4j-community-1.9.6/system/lib/janino-2.5.10.jar
2014-02-16 20:27:36.573+0000 INFO  [o.n.k.i.DiagnosticsManager]:  [classpath + loader.0] file:/Users/alvaro/Desktop/neo4j-community-1.9.6/plugins/gremlin1.5/jansi-1.5.jar
2014-02-16 20:27:36.573+0000 INFO  [o.n.k.i.DiagnosticsManager]:  [classpath + loader.0] file:/Users/alvaro/Desktop/neo4j-community-1.9.6/system/lib/logback-core-0.9.30.jar
2014-02-16 20:27:36.574+0000 INFO  [o.n.k.i.DiagnosticsManager]:  [classpath + loader.0] file:/Users/alvaro/Desktop/neo4j-community-1.9.6/lib/lucene-core-3.6.2.jar
2014-02-16 20:27:36.574+0000 INFO  [o.n.k.i.DiagnosticsManager]:  [classpath + loader.0] file:/Users/alvaro/Desktop/neo4j-community-1.9.6/system/lib/logback-access-0.9.30.jar
2014-02-16 20:27:36.574+0000 INFO  [o.n.k.i.DiagnosticsManager]:  [classpath + loader.0] file:/Users/alvaro/Desktop/neo4j-community-1.9.6/system/lib/commons-logging-1.1.1.jar
2014-02-16 20:27:36.574+0000 INFO  [o.n.k.i.DiagnosticsManager]:  [classpath + loader.0] file:/Users/alvaro/Desktop/neo4j-community-1.9.6/plugins/gremlin1.5/pipes-1.0.jar
2014-02-16 20:27:36.574+0000 INFO  [o.n.k.i.DiagnosticsManager]:  [loader.1] file:/System/Library/Java/Extensions/libJ3D.jnilib
2014-02-16 20:27:36.574+0000 INFO  [o.n.k.i.DiagnosticsManager]:  [bootstrap] /Library/Java/JavaVirtualMachines/jdk1.7.0_21.jdk/Contents/Home/jre/classes
2014-02-16 20:27:36.574+0000 INFO  [o.n.k.i.DiagnosticsManager]:  [loader.1] file:/Library/Java/JavaVirtualMachines/jdk1.7.0_21.jdk/Contents/Home/jre/lib/ext/sunec.jar
2014-02-16 20:27:36.574+0000 INFO  [o.n.k.i.DiagnosticsManager]:  [classpath + loader.0] file:/Users/alvaro/Desktop/neo4j-community-1.9.6/system/lib/commons-io-1.4.jar
2014-02-16 20:27:36.574+0000 INFO  [o.n.k.i.DiagnosticsManager]:  [loader.1] file:/System/Library/Java/Extensions/mlibwrapper_jai.jar
2014-02-16 20:27:36.574+0000 INFO  [o.n.k.i.DiagnosticsManager]:  [classpath + loader.0] file:/Users/alvaro/Desktop/neo4j-community-1.9.6/plugins/gremlin1.5/blueprints-core-1.2.jar
2014-02-16 20:27:36.574+0000 INFO  [o.n.k.i.DiagnosticsManager]:  [classpath + loader.0] file:/Users/alvaro/Desktop/neo4j-community-1.9.6/system/lib/jcl-over-slf4j-1.6.1.jar
2014-02-16 20:27:36.574+0000 INFO  [o.n.k.i.DiagnosticsManager]:  [classpath + loader.0] file:/Users/alvaro/Desktop/neo4j-community-1.9.6/lib/neo4j-graph-matching-1.9.6.jar
2014-02-16 20:27:36.574+0000 INFO  [o.n.k.i.DiagnosticsManager]:  [bootstrap] /Library/Java/JavaVirtualMachines/jdk1.7.0_21.jdk/Contents/Home/jre/lib/rt.jar
2014-02-16 20:27:36.574+0000 INFO  [o.n.k.i.DiagnosticsManager]:  [classpath + loader.0] file:/Users/alvaro/Desktop/neo4j-community-1.9.6/plugins/gremlin1.5/blueprints-neo4j-graph-1.2.jar
2014-02-16 20:27:36.574+0000 INFO  [o.n.k.i.DiagnosticsManager]:  [classpath + loader.0] file:/Users/alvaro/Desktop/neo4j-community-1.9.6/lib/geronimo-jta_1.1_spec-1.1.1.jar
2014-02-16 20:27:36.574+0000 INFO  [o.n.k.i.DiagnosticsManager]:  [bootstrap] /Library/Java/JavaVirtualMachines/jdk1.7.0_21.jdk/Contents/Home/jre/lib/charsets.jar
2014-02-16 20:27:36.574+0000 INFO  [o.n.k.i.DiagnosticsManager]:  [loader.1] file:/System/Library/Java/Extensions/QTJava.zip
2014-02-16 20:27:36.574+0000 INFO  [o.n.k.i.DiagnosticsManager]:  [classpath + loader.0] file:/Users/alvaro/Desktop/neo4j-community-1.9.6/system/lib/jackson-mapper-asl-1.9.7.jar
2014-02-16 20:27:36.574+0000 INFO  [o.n.k.i.DiagnosticsManager]:  [classpath + loader.0] file:/Users/alvaro/Desktop/neo4j-community-1.9.6/plugins/gremlin1.5/antlr-2.7.7.jar
2014-02-16 20:27:36.574+0000 INFO  [o.n.k.i.DiagnosticsManager]:  [classpath + loader.0] file:/Users/alvaro/Desktop/neo4j-community-1.9.6/lib/neo4j-jmx-1.9.6.jar
2014-02-16 20:27:36.574+0000 INFO  [o.n.k.i.DiagnosticsManager]:  [loader.1] file:/System/Library/Java/Extensions/libJ3DAudio.jnilib
2014-02-16 20:27:36.574+0000 INFO  [o.n.k.i.DiagnosticsManager]:  [loader.1] file:/System/Library/Java/Extensions/libAppleScriptEngine.jnilib
2014-02-16 20:27:36.574+0000 INFO  [o.n.k.i.DiagnosticsManager]:  [loader.1] file:/Library/Java/JavaVirtualMachines/jdk1.7.0_21.jdk/Contents/Home/jre/lib/ext/dnsns.jar
2014-02-16 20:27:36.574+0000 INFO  [o.n.k.i.DiagnosticsManager]:  [loader.1] file:/System/Library/Java/Extensions/j3daudio.jar
2014-02-16 20:27:36.574+0000 INFO  [o.n.k.i.DiagnosticsManager]:  [loader.1] file:/System/Library/Java/Extensions/libJ3DUtils.jnilib
2014-02-16 20:27:36.574+0000 INFO  [o.n.k.i.DiagnosticsManager]:  [bootstrap] /Library/Java/JavaVirtualMachines/jdk1.7.0_21.jdk/Contents/Home/jre/lib/jce.jar
2014-02-16 20:27:36.575+0000 INFO  [o.n.k.i.DiagnosticsManager]:  [loader.1] file:/System/Library/Java/Extensions/libQTJNative.jnilib
2014-02-16 20:27:36.575+0000 INFO  [o.n.k.i.DiagnosticsManager]:  [classpath + loader.0] file:/Users/alvaro/Desktop/neo4j-community-1.9.6/conf/
2014-02-16 20:27:36.575+0000 INFO  [o.n.k.i.DiagnosticsManager]:  [loader.1] file:/System/Library/Java/Extensions/j3dcore.jar
2014-02-16 20:27:36.575+0000 INFO  [o.n.k.i.DiagnosticsManager]:  [classpath + loader.0] file:/Users/alvaro/Desktop/neo4j-community-1.9.6/plugins/gremlin1.5/gremlin-java-1.5.jar
2014-02-16 20:27:36.575+0000 INFO  [o.n.k.i.DiagnosticsManager]:  [classpath + loader.0] file:/Users/alvaro/Desktop/neo4j-community-1.9.6/system/lib/neo4j-server-1.9.6.jar
2014-02-16 20:27:36.575+0000 INFO  [o.n.k.i.DiagnosticsManager]:  [classpath + loader.0] file:/Users/alvaro/Desktop/neo4j-community-1.9.6/system/lib/jsr311-api-1.1.2.r612.jar
2014-02-16 20:27:36.575+0000 INFO  [o.n.k.i.DiagnosticsManager]:  [loader.1] file:/usr/lib/java/libjdns_sd.jnilib
2014-02-16 20:27:36.575+0000 INFO  [o.n.k.i.DiagnosticsManager]:  [classpath + loader.0] file:/Users/alvaro/Desktop/neo4j-community-1.9.6/lib/neo4j-lucene-index-1.9.6.jar
2014-02-16 20:27:36.575+0000 INFO  [o.n.k.i.DiagnosticsManager]:  [classpath + loader.0] file:/Users/alvaro/Desktop/neo4j-community-1.9.6/system/lib/commons-lang-2.4.jar
2014-02-16 20:27:36.575+0000 INFO  [o.n.k.i.DiagnosticsManager]:  [classpath + loader.0] file:/Users/alvaro/Desktop/neo4j-community-1.9.6/lib/org.apache.servicemix.bundles.jline-0.9.94_1.jar
2014-02-16 20:27:36.575+0000 INFO  [o.n.k.i.DiagnosticsManager]:  [classpath + loader.0] file:/Users/alvaro/Desktop/neo4j-community-1.9.6/system/lib/slf4j-api-1.6.2.jar
2014-02-16 20:27:36.575+0000 INFO  [o.n.k.i.DiagnosticsManager]:  [bootstrap] /Library/Java/JavaVirtualMachines/jdk1.7.0_21.jdk/Contents/Home/jre/lib/sunrsasign.jar
2014-02-16 20:27:36.575+0000 INFO  [o.n.k.i.DiagnosticsManager]:  [classpath + loader.0] file:/Users/alvaro/Desktop/neo4j-community-1.9.6/system/lib/commons-beanutils-1.8.0.jar
2014-02-16 20:27:36.575+0000 INFO  [o.n.k.i.DiagnosticsManager]:  [loader.1] file:/System/Library/Java/Extensions/j3dutils.jar
2014-02-16 20:27:36.575+0000 INFO  [o.n.k.i.DiagnosticsManager]:  [loader.1] file:/Library/Java/JavaVirtualMachines/jdk1.7.0_21.jdk/Contents/Home/jre/lib/ext/zipfs.jar
2014-02-16 20:27:36.575+0000 INFO  [o.n.k.i.DiagnosticsManager]:  [classpath + loader.0] file:/Users/alvaro/Desktop/neo4j-community-1.9.6/plugins/gremlin1.5/asm-analysis-3.2.jar
2014-02-16 20:27:36.575+0000 INFO  [o.n.k.i.DiagnosticsManager]:  [classpath + loader.0] file:/Users/alvaro/Desktop/neo4j-community-1.9.6/system/lib/neo4j-cypher-plugin-1.9.6.jar
2014-02-16 20:27:36.575+0000 INFO  [o.n.k.i.DiagnosticsManager]:  [loader.1] file:/Library/Java/JavaVirtualMachines/jdk1.7.0_21.jdk/Contents/Home/jre/lib/ext/sunjce_provider.jar
2014-02-16 20:27:36.575+0000 INFO  [o.n.k.i.DiagnosticsManager]:  [classpath + loader.0] file:/Users/alvaro/Desktop/neo4j-community-1.9.6/lib/server-api-1.9.6.jar
2014-02-16 20:27:36.575+0000 INFO  [o.n.k.i.DiagnosticsManager]:  [loader.1] file:/Library/Java/JavaVirtualMachines/jdk1.7.0_21.jdk/Contents/Home/jre/lib/ext/localedata.jar
2014-02-16 20:27:36.575+0000 INFO  [o.n.k.i.DiagnosticsManager]:  [classpath + loader.0] file:/Users/alvaro/Desktop/neo4j-community-1.9.6/plugins/gremlin1.5/gremlin-groovy-1.5.jar
2014-02-16 20:27:36.575+0000 INFO  [o.n.k.i.DiagnosticsManager]:  [classpath + loader.0] file:/Users/alvaro/Desktop/neo4j-community-1.9.6/plugins/gremlin1.5/asm-tree-3.2.jar
2014-02-16 20:27:36.575+0000 INFO  [o.n.k.i.DiagnosticsManager]:  [classpath + loader.0] file:/Users/alvaro/Desktop/neo4j-community-1.9.6/system/lib/commons-configuration-1.6.jar
2014-02-16 20:27:36.575+0000 INFO  [o.n.k.i.DiagnosticsManager]:  [loader.1] file:/System/Library/Java/Extensions/jai_core.jar
2014-02-16 20:27:36.575+0000 INFO  [o.n.k.i.DiagnosticsManager]:  [classpath + loader.0] file:/Users/alvaro/Desktop/neo4j-community-1.9.6/system/lib/rrd4j-2.0.7.jar
2014-02-16 20:27:36.575+0000 INFO  [o.n.k.i.DiagnosticsManager]:  [classpath + loader.0] file:/Users/alvaro/Desktop/neo4j-community-1.9.6/system/lib/servlet-api-2.5-20081211.jar
2014-02-16 20:27:36.576+0000 INFO  [o.n.k.i.DiagnosticsManager]:  [loader.1] file:/System/Library/Java/Extensions/jai_codec.jar
2014-02-16 20:27:36.576+0000 INFO  [o.n.k.i.DiagnosticsManager]:  [loader.1] file:/Library/Java/JavaVirtualMachines/jdk1.7.0_21.jdk/Contents/Home/jre/lib/ext/sunpkcs11.jar
2014-02-16 20:27:36.576+0000 INFO  [o.n.k.i.DiagnosticsManager]:  [classpath + loader.0] file:/Users/alvaro/Desktop/neo4j-community-1.9.6/lib/scala-library-2.10.0.jar
2014-02-16 20:27:36.576+0000 INFO  [o.n.k.i.DiagnosticsManager]:  [classpath + loader.0] file:/Users/alvaro/Desktop/neo4j-community-1.9.6/lib/neo4j-udc-1.9.6.jar
2014-02-16 20:27:36.576+0000 INFO  [o.n.k.i.DiagnosticsManager]:  [classpath + loader.0] file:/Users/alvaro/Desktop/neo4j-community-1.9.6/system/lib/jackson-jaxrs-1.9.7.jar
2014-02-16 20:27:36.576+0000 INFO  [o.n.k.i.DiagnosticsManager]:  [classpath + loader.0] file:/Users/alvaro/Desktop/neo4j-community-1.9.6/system/lib/commons-beanutils-core-1.8.0.jar
2014-02-16 20:27:36.576+0000 INFO  [o.n.k.i.DiagnosticsManager]:  [bootstrap] /Library/Java/JavaVirtualMachines/jdk1.7.0_21.jdk/Contents/Home/jre/lib/resources.jar
2014-02-16 20:27:36.576+0000 INFO  [o.n.k.i.DiagnosticsManager]:  [classpath + loader.0] file:/Users/alvaro/Desktop/neo4j-community-1.9.6/system/lib/asm-3.1.jar
2014-02-16 20:27:36.576+0000 INFO  [o.n.k.i.DiagnosticsManager]:  [classpath + loader.0] file:/Users/alvaro/Desktop/neo4j-community-1.9.6/plugins/gremlin1.5/asm-util-3.2.jar
2014-02-16 20:27:36.576+0000 INFO  [o.n.k.i.DiagnosticsManager]:  [classpath + loader.0] file:/Users/alvaro/Desktop/neo4j-community-1.9.6/system/lib/logback-classic-0.9.30.jar
2014-02-16 20:27:36.576+0000 INFO  [o.n.k.i.DiagnosticsManager]:  [classpath + loader.0] file:/Users/alvaro/Desktop/neo4j-community-1.9.6/plugins/gremlin1.5/groovy-1.8.5.jar
2014-02-16 20:27:36.576+0000 INFO  [o.n.k.i.DiagnosticsManager]:  [classpath + loader.0] file:/Users/alvaro/Desktop/neo4j-community-1.9.6/system/lib/commons-collections-3.2.1.jar
2014-02-16 20:27:36.576+0000 INFO  [o.n.k.i.DiagnosticsManager]:  [classpath + loader.0] file:/Users/alvaro/Desktop/neo4j-community-1.9.6/plugins/gremlin1.5/jettison-1.3.jar
2014-02-16 20:27:36.576+0000 INFO  [o.n.k.i.DiagnosticsManager]:  [classpath + loader.0] file:/Users/alvaro/Desktop/neo4j-community-1.9.6/system/lib/commons-digester-1.8.1.jar
2014-02-16 20:27:36.576+0000 INFO  [o.n.k.i.DiagnosticsManager]:  [classpath + loader.0] file:/Users/alvaro/Desktop/neo4j-community-1.9.6/system/lib/neo4j-server-1.9.6-static-web.jar
2014-02-16 20:27:36.576+0000 INFO  [o.n.k.i.DiagnosticsManager]:  [classpath + loader.0] file:/Users/alvaro/Desktop/neo4j-community-1.9.6/system/lib/jersey-core-1.9.jar
2014-02-16 20:27:36.576+0000 INFO  [o.n.k.i.DiagnosticsManager]:  [bootstrap] /Library/Java/JavaVirtualMachines/jdk1.7.0_21.jdk/Contents/Home/jre/lib/jsse.jar
2014-02-16 20:27:36.576+0000 INFO  [o.n.k.i.DiagnosticsManager]:  [classpath + loader.0] file:/Users/alvaro/Desktop/neo4j-community-1.9.6/plugins/gremlin1.5/stax-api-1.0.1.jar
2014-02-16 20:27:36.576+0000 INFO  [o.n.k.i.DiagnosticsManager]:  [bootstrap] /Library/Java/JavaVirtualMachines/jdk1.7.0_21.jdk/Contents/Home/jre/lib/JObjC.jar
2014-02-16 20:27:36.576+0000 INFO  [o.n.k.i.DiagnosticsManager]:  [classpath + loader.0] file:/Users/alvaro/Desktop/neo4j-community-1.9.6/lib/neo4j-cypher-1.9.6.jar
2014-02-16 20:27:36.576+0000 INFO  [o.n.k.i.DiagnosticsManager]:  [loader.1] file:/System/Library/Java/Extensions/AppleScriptEngine.jar
2014-02-16 20:27:36.576+0000 INFO  [o.n.k.i.DiagnosticsManager]:  [classpath + loader.0] file:/Users/alvaro/Desktop/neo4j-community-1.9.6/system/lib/jetty-util-6.1.25.jar
2014-02-16 20:27:36.576+0000 INFO  [o.n.k.i.DiagnosticsManager]:  [classpath + loader.0] file:/Users/alvaro/Desktop/neo4j-community-1.9.6/lib/neo4j-graph-algo-1.9.6.jar
2014-02-16 20:27:36.576+0000 INFO  [o.n.k.i.DiagnosticsManager]:  [classpath + loader.0] file:/Users/alvaro/Desktop/neo4j-community-1.9.6/lib/neo4j-shell-1.9.6.jar
2014-02-16 20:27:36.576+0000 INFO  [o.n.k.i.DiagnosticsManager]:  [classpath + loader.0] file:/Users/alvaro/Desktop/neo4j-community-1.9.6/lib/concurrentlinkedhashmap-lru-1.3.1.jar
2014-02-16 20:27:36.576+0000 INFO  [o.n.k.i.DiagnosticsManager]:  [classpath + loader.0] file:/Users/alvaro/Desktop/neo4j-community-1.9.6/system/lib/jersey-server-1.9.jar
2014-02-16 20:27:36.577+0000 INFO  [o.n.k.i.DiagnosticsManager]:  [classpath + loader.0] file:/Users/alvaro/Desktop/neo4j-community-1.9.6/plugins/gremlin1.5/asm-commons-3.2.jar
2014-02-16 20:27:36.577+0000 INFO  [o.n.k.i.DiagnosticsManager]:  [classpath + loader.0] file:/Users/alvaro/Desktop/neo4j-community-1.9.6/system/lib/jetty-6.1.25.jar
2014-02-16 20:27:36.577+0000 INFO  [o.n.k.i.DiagnosticsManager]:  [classpath + loader.0] file:/Users/alvaro/Desktop/neo4j-community-1.9.6/system/lib/jersey-multipart-1.9.jar
2014-02-16 20:27:36.577+0000 INFO  [o.n.k.i.DiagnosticsManager]:  [classpath + loader.0] file:/Users/alvaro/Desktop/neo4j-community-1.9.6/lib/neo4j-kernel-1.9.6.jar
2014-02-16 20:27:36.577+0000 INFO  [o.n.k.i.DiagnosticsManager]:  [classpath + loader.0] file:/Users/alvaro/Desktop/neo4j-community-1.9.6/system/lib/mimepull-1.6.jar
2014-02-16 20:27:36.577+0000 INFO  [o.n.k.i.DiagnosticsManager]: Library path:
2014-02-16 20:27:36.577+0000 INFO  [o.n.k.i.DiagnosticsManager]: /Users/alvaro/Library/Java/Extensions
2014-02-16 20:27:36.577+0000 INFO  [o.n.k.i.DiagnosticsManager]: /Library/Java/Extensions
2014-02-16 20:27:36.577+0000 INFO  [o.n.k.i.DiagnosticsManager]: /Network/Library/Java/Extensions
2014-02-16 20:27:36.577+0000 INFO  [o.n.k.i.DiagnosticsManager]: /System/Library/Java/Extensions
2014-02-16 20:27:36.577+0000 INFO  [o.n.k.i.DiagnosticsManager]: /usr/lib/java
2014-02-16 20:27:36.577+0000 INFO  [o.n.k.i.DiagnosticsManager]: /Users/alvaro/Desktop/neo4j-community-1.9.6
2014-02-16 20:27:36.577+0000 INFO  [o.n.k.i.DiagnosticsManager]: System.properties:
2014-02-16 20:27:36.578+0000 INFO  [o.n.k.i.DiagnosticsManager]: sun.boot.library.path = /Library/Java/JavaVirtualMachines/jdk1.7.0_21.jdk/Contents/Home/jre/lib
2014-02-16 20:27:36.578+0000 INFO  [o.n.k.i.DiagnosticsManager]: user.country.format = ES
2014-02-16 20:27:36.578+0000 INFO  [o.n.k.i.DiagnosticsManager]: org.neo4j.server.properties = conf/neo4j-server.properties
2014-02-16 20:27:36.578+0000 INFO  [o.n.k.i.DiagnosticsManager]: gopherProxySet = false
2014-02-16 20:27:36.578+0000 INFO  [o.n.k.i.DiagnosticsManager]: path.separator = :
2014-02-16 20:27:36.578+0000 INFO  [o.n.k.i.DiagnosticsManager]: file.encoding.pkg = sun.io
2014-02-16 20:27:36.578+0000 INFO  [o.n.k.i.DiagnosticsManager]: user.country = US
2014-02-16 20:27:36.578+0000 INFO  [o.n.k.i.DiagnosticsManager]: sun.java.launcher = SUN_STANDARD
2014-02-16 20:27:36.578+0000 INFO  [o.n.k.i.DiagnosticsManager]: sun.os.patch.level = unknown
2014-02-16 20:27:36.578+0000 INFO  [o.n.k.i.DiagnosticsManager]: user.dir = /Users/alvaro/Desktop/neo4j-community-1.9.6
2014-02-16 20:27:36.578+0000 INFO  [o.n.k.i.DiagnosticsManager]: log4j.configuration = file:conf/log4j.properties
2014-02-16 20:27:36.578+0000 INFO  [o.n.k.i.DiagnosticsManager]: sun.jnu.encoding = UTF-8
2014-02-16 20:27:36.578+0000 INFO  [o.n.k.i.DiagnosticsManager]: sun.management.compiler = HotSpot 64-Bit Tiered Compilers
2014-02-16 20:27:36.578+0000 INFO  [o.n.k.i.DiagnosticsManager]: http.nonProxyHosts = local|*.local|169.254/16|*.169.254/16
2014-02-16 20:27:36.578+0000 INFO  [o.n.k.i.DiagnosticsManager]: user.home = /Users/alvaro
2014-02-16 20:27:36.578+0000 INFO  [o.n.k.i.DiagnosticsManager]: user.timezone = Europe/Madrid
2014-02-16 20:27:36.578+0000 INFO  [o.n.k.i.DiagnosticsManager]: file.encoding = UTF-8
2014-02-16 20:27:36.578+0000 INFO  [o.n.k.i.DiagnosticsManager]: user.name = alvaro
2014-02-16 20:27:36.578+0000 INFO  [o.n.k.i.DiagnosticsManager]: sun.java.command = org.neo4j.server.Bootstrapper
2014-02-16 20:27:36.578+0000 INFO  [o.n.k.i.DiagnosticsManager]: sun.arch.data.model = 64
2014-02-16 20:27:36.578+0000 INFO  [o.n.k.i.DiagnosticsManager]: user.language = en
2014-02-16 20:27:36.578+0000 INFO  [o.n.k.i.DiagnosticsManager]: user.language.format = es
2014-02-16 20:27:36.578+0000 INFO  [o.n.k.i.DiagnosticsManager]: awt.toolkit = sun.lwawt.macosx.LWCToolkit
2014-02-16 20:27:36.578+0000 INFO  [o.n.k.i.DiagnosticsManager]: file.separator = /
2014-02-16 20:27:36.579+0000 INFO  [o.n.k.i.DiagnosticsManager]: sun.io.unicode.encoding = UnicodeBig
2014-02-16 20:27:36.579+0000 INFO  [o.n.k.i.DiagnosticsManager]: sun.cpu.endian = little
2014-02-16 20:27:36.579+0000 INFO  [o.n.k.i.DiagnosticsManager]: socksNonProxyHosts = local|*.local|169.254/16|*.169.254/16
2014-02-16 20:27:36.579+0000 INFO  [o.n.k.i.DiagnosticsManager]: neo4j.instance = /Users/alvaro/Desktop/neo4j-community-1.9.6
2014-02-16 20:27:36.579+0000 INFO  [o.n.k.i.DiagnosticsManager]: ftp.nonProxyHosts = local|*.local|169.254/16|*.169.254/16
2014-02-16 20:27:36.579+0000 INFO  [o.n.k.i.DiagnosticsManager]: neo4j.home = /Users/alvaro/Desktop/neo4j-community-1.9.6
2014-02-16 20:27:36.579+0000 INFO  [o.n.k.i.DiagnosticsManager]: sun.cpu.isalist = 
2014-02-16 20:27:36.579+0000 INFO  [o.n.k.i.DiagnosticsManager]: Network information:
2014-02-16 20:27:36.580+0000 INFO  [o.n.k.i.DiagnosticsManager]: Interface vmnet8:
2014-02-16 20:27:36.581+0000 INFO  [o.n.k.i.DiagnosticsManager]:     address: 192.168.239.1
2014-02-16 20:27:36.581+0000 INFO  [o.n.k.i.DiagnosticsManager]: Interface vmnet1:
2014-02-16 20:27:36.581+0000 INFO  [o.n.k.i.DiagnosticsManager]:     address: 192.168.206.1
2014-02-16 20:27:36.581+0000 INFO  [o.n.k.i.DiagnosticsManager]: Interface en2:
2014-02-16 20:27:36.581+0000 INFO  [o.n.k.i.DiagnosticsManager]:     address: fe80:0:0:0:aa20:66ff:fe11:b1f%9
2014-02-16 20:27:36.581+0000 INFO  [o.n.k.i.DiagnosticsManager]:     address: 192.168.1.131
2014-02-16 20:27:36.581+0000 INFO  [o.n.k.i.DiagnosticsManager]: Interface vboxnet0:
2014-02-16 20:27:36.581+0000 INFO  [o.n.k.i.DiagnosticsManager]:     address: 192.168.56.1
2014-02-16 20:27:36.581+0000 INFO  [o.n.k.i.DiagnosticsManager]: Interface lo0:
2014-02-16 20:27:36.581+0000 INFO  [o.n.k.i.DiagnosticsManager]:     address: fe80:0:0:0:0:0:0:1%1
2014-02-16 20:27:36.581+0000 INFO  [o.n.k.i.DiagnosticsManager]:     address: 0:0:0:0:0:0:0:1
2014-02-16 20:27:36.582+0000 INFO  [o.n.k.i.DiagnosticsManager]:     address: 127.0.0.1
2014-02-16 20:27:36.582+0000 INFO  [o.n.k.i.DiagnosticsManager]: --- INITIALIZED diagnostics END ---
2014-02-16 20:27:36.653+0000 INFO  [o.n.k.i.n.s.StoreFactory]: Creating new db @ /Users/alvaro/Desktop/neo4j-community-1.9.6/data/graph.db/neostore
2014-02-16 20:27:36.665+0000 INFO  [o.n.k.i.n.s.StoreFactory]: [/Users/alvaro/Desktop/neo4j-community-1.9.6/data/graph.db/neostore.nodestore.db] brickCount=0 brickSize=4666158b mappedMem=466616320b (storeSize=0b)
2014-02-16 20:27:36.668+0000 INFO  [o.n.k.i.n.s.StoreFactory]: /Users/alvaro/Desktop/neo4j-community-1.9.6/data/graph.db/neostore.nodestore.db hit=1 miss=0 switches=0 ooe=0
2014-02-16 20:27:36.679+0000 INFO  [o.n.k.i.n.s.StoreFactory]: [/Users/alvaro/Desktop/neo4j-community-1.9.6/data/graph.db/neostore.relationshiptypestore.db.names] brickCount=0 brickSize=0b mappedMem=0b (storeSize=38b)
2014-02-16 20:27:36.681+0000 INFO  [o.n.k.i.n.s.StoreFactory]: [/Users/alvaro/Desktop/neo4j-community-1.9.6/data/graph.db/neostore.relationshiptypestore.db] brickCount=0 brickSize=0b mappedMem=0b (storeSize=0b)
2014-02-16 20:27:36.681+0000 INFO  [o.n.k.i.n.s.StoreFactory]: /Users/alvaro/Desktop/neo4j-community-1.9.6/data/graph.db/neostore.relationshiptypestore.db.names hit=0 miss=0 switches=0 ooe=0
2014-02-16 20:27:36.682+0000 INFO  [o.n.k.i.n.s.StoreFactory]: /Users/alvaro/Desktop/neo4j-community-1.9.6/data/graph.db/neostore.relationshiptypestore.db hit=0 miss=0 switches=0 ooe=0
2014-02-16 20:27:36.683+0000 INFO  [o.n.k.i.n.s.StoreFactory]: [/Users/alvaro/Desktop/neo4j-community-1.9.6/data/graph.db/neostore.relationshiptypestore.db.names] brickCount=0 brickSize=0b mappedMem=0b (storeSize=38b)
2014-02-16 20:27:36.683+0000 INFO  [o.n.k.i.n.s.StoreFactory]: [/Users/alvaro/Desktop/neo4j-community-1.9.6/data/graph.db/neostore.relationshiptypestore.db] brickCount=0 brickSize=0b mappedMem=0b (storeSize=0b)
2014-02-16 20:27:36.684+0000 INFO  [o.n.k.i.n.s.StoreFactory]: [/Users/alvaro/Desktop/neo4j-community-1.9.6/data/graph.db/neostore.propertystore.db.strings] brickCount=0 brickSize=1430144b mappedMem=1430257664b (storeSize=128b)
2014-02-16 20:27:36.684+0000 INFO  [o.n.k.i.n.s.StoreFactory]: [/Users/alvaro/Desktop/neo4j-community-1.9.6/data/graph.db/neostore.propertystore.db.index.keys] brickCount=0 brickSize=0b mappedMem=0b (storeSize=38b)
2014-02-16 20:27:36.685+0000 INFO  [o.n.k.i.n.s.StoreFactory]: [/Users/alvaro/Desktop/neo4j-community-1.9.6/data/graph.db/neostore.propertystore.db.index] brickCount=0 brickSize=0b mappedMem=0b (storeSize=0b)
2014-02-16 20:27:36.686+0000 INFO  [o.n.k.i.n.s.StoreFactory]: [/Users/alvaro/Desktop/neo4j-community-1.9.6/data/graph.db/neostore.propertystore.db.arrays] brickCount=0 brickSize=1620992b mappedMem=1621098496b (storeSize=128b)
2014-02-16 20:27:36.687+0000 INFO  [o.n.k.i.n.s.StoreFactory]: [/Users/alvaro/Desktop/neo4j-community-1.9.6/data/graph.db/neostore.propertystore.db] brickCount=0 brickSize=16829639b mappedMem=1682964480b (storeSize=0b)
2014-02-16 20:27:36.689+0000 INFO  [o.n.k.i.n.s.StoreFactory]: [/Users/alvaro/Desktop/neo4j-community-1.9.6/data/graph.db/neostore.relationshipstore.db] brickCount=0 brickSize=20615001b mappedMem=2061500416b (storeSize=0b)
2014-02-16 20:27:36.689+0000 INFO  [o.n.k.i.n.s.StoreFactory]: [/Users/alvaro/Desktop/neo4j-community-1.9.6/data/graph.db/neostore.nodestore.db] brickCount=0 brickSize=466614b mappedMem=466616320b (storeSize=9b)
2014-02-16 20:27:36.690+0000 INFO  [o.n.k.i.n.s.StoreFactory]: [/Users/alvaro/Desktop/neo4j-community-1.9.6/data/graph.db/neostore] brickCount=0 brickSize=0b mappedMem=0b (storeSize=0b)
2014-02-16 20:27:36.692+0000 INFO  [o.n.k.i.n.s.StoreFactory]: /Users/alvaro/Desktop/neo4j-community-1.9.6/data/graph.db/neostore.relationshiptypestore.db.names hit=0 miss=0 switches=0 ooe=0
2014-02-16 20:27:36.693+0000 INFO  [o.n.k.i.n.s.StoreFactory]: /Users/alvaro/Desktop/neo4j-community-1.9.6/data/graph.db/neostore.relationshiptypestore.db hit=0 miss=0 switches=0 ooe=0
2014-02-16 20:27:36.694+0000 INFO  [o.n.k.i.n.s.StoreFactory]: /Users/alvaro/Desktop/neo4j-community-1.9.6/data/graph.db/neostore.propertystore.db.strings hit=0 miss=0 switches=0 ooe=0
2014-02-16 20:27:36.694+0000 INFO  [o.n.k.i.n.s.StoreFactory]: /Users/alvaro/Desktop/neo4j-community-1.9.6/data/graph.db/neostore.propertystore.db.index.keys hit=0 miss=0 switches=0 ooe=0
2014-02-16 20:27:36.695+0000 INFO  [o.n.k.i.n.s.StoreFactory]: /Users/alvaro/Desktop/neo4j-community-1.9.6/data/graph.db/neostore.propertystore.db.index hit=0 miss=0 switches=0 ooe=0
2014-02-16 20:27:36.696+0000 INFO  [o.n.k.i.n.s.StoreFactory]: /Users/alvaro/Desktop/neo4j-community-1.9.6/data/graph.db/neostore.propertystore.db.arrays hit=0 miss=0 switches=0 ooe=0
2014-02-16 20:27:36.696+0000 INFO  [o.n.k.i.n.s.StoreFactory]: /Users/alvaro/Desktop/neo4j-community-1.9.6/data/graph.db/neostore.propertystore.db hit=0 miss=0 switches=0 ooe=0
2014-02-16 20:27:36.701+0000 INFO  [o.n.k.i.n.s.StoreFactory]: /Users/alvaro/Desktop/neo4j-community-1.9.6/data/graph.db/neostore.relationshipstore.db hit=0 miss=0 switches=0 ooe=0
2014-02-16 20:27:36.701+0000 INFO  [o.n.k.i.n.s.StoreFactory]: /Users/alvaro/Desktop/neo4j-community-1.9.6/data/graph.db/neostore.nodestore.db hit=0 miss=0 switches=0 ooe=0
2014-02-16 20:27:36.702+0000 INFO  [o.n.k.i.n.s.StoreFactory]: /Users/alvaro/Desktop/neo4j-community-1.9.6/data/graph.db/neostore hit=0 miss=8 switches=0 ooe=0
2014-02-16 20:27:36.704+0000 INFO  [o.n.k.i.n.s.StoreFactory]: [/Users/alvaro/Desktop/neo4j-community-1.9.6/data/graph.db/neostore.relationshiptypestore.db.names] brickCount=0 brickSize=0b mappedMem=0b (storeSize=38b)
2014-02-16 20:27:36.705+0000 INFO  [o.n.k.i.n.s.StoreFactory]: [/Users/alvaro/Desktop/neo4j-community-1.9.6/data/graph.db/neostore.relationshiptypestore.db] brickCount=0 brickSize=0b mappedMem=0b (storeSize=0b)
2014-02-16 20:27:36.705+0000 INFO  [o.n.k.i.n.s.StoreFactory]: [/Users/alvaro/Desktop/neo4j-community-1.9.6/data/graph.db/neostore.propertystore.db.strings] brickCount=0 brickSize=1430144b mappedMem=1430257664b (storeSize=128b)
2014-02-16 20:27:36.705+0000 INFO  [o.n.k.i.n.s.StoreFactory]: [/Users/alvaro/Desktop/neo4j-community-1.9.6/data/graph.db/neostore.propertystore.db.index.keys] brickCount=0 brickSize=0b mappedMem=0b (storeSize=38b)
2014-02-16 20:27:36.706+0000 INFO  [o.n.k.i.n.s.StoreFactory]: [/Users/alvaro/Desktop/neo4j-community-1.9.6/data/graph.db/neostore.propertystore.db.index] brickCount=0 brickSize=0b mappedMem=0b (storeSize=0b)
2014-02-16 20:27:36.706+0000 INFO  [o.n.k.i.n.s.StoreFactory]: [/Users/alvaro/Desktop/neo4j-community-1.9.6/data/graph.db/neostore.propertystore.db.arrays] brickCount=0 brickSize=1620992b mappedMem=1621098496b (storeSize=128b)
2014-02-16 20:27:36.706+0000 INFO  [o.n.k.i.n.s.StoreFactory]: [/Users/alvaro/Desktop/neo4j-community-1.9.6/data/graph.db/neostore.propertystore.db] brickCount=0 brickSize=16829639b mappedMem=1682964480b (storeSize=0b)
2014-02-16 20:27:36.707+0000 INFO  [o.n.k.i.n.s.StoreFactory]: [/Users/alvaro/Desktop/neo4j-community-1.9.6/data/graph.db/neostore.relationshipstore.db] brickCount=0 brickSize=20615001b mappedMem=2061500416b (storeSize=0b)
2014-02-16 20:27:36.707+0000 INFO  [o.n.k.i.n.s.StoreFactory]: [/Users/alvaro/Desktop/neo4j-community-1.9.6/data/graph.db/neostore.nodestore.db] brickCount=0 brickSize=466614b mappedMem=466616320b (storeSize=9b)
2014-02-16 20:27:36.707+0000 INFO  [o.n.k.i.n.s.StoreFactory]: [/Users/alvaro/Desktop/neo4j-community-1.9.6/data/graph.db/neostore] brickCount=0 brickSize=0b mappedMem=0b (storeSize=54b)
2014-02-16 20:27:36.728+0000 INFO  [o.n.k.i.t.x.XaLogicalLog]: Opened logical log [data/graph.db/nioneo_logical.log.1] version=0, lastTxId=1 (clean)
2014-02-16 20:27:36.732+0000 INFO  [o.n.k.i.t.TxManager]: TM new log: tm_tx_log.1
2014-02-16 20:27:36.826+0000 INFO  [o.n.k.i.t.x.XaLogicalLog]: Opened logical log [data/graph.db/index/lucene.log.1] version=0, lastTxId=1 (clean)
2014-02-16 20:27:36.829+0000 INFO  [o.n.k.i.DiagnosticsManager]: --- STARTED diagnostics for KernelDiagnostics:Versions START ---
2014-02-16 20:27:36.829+0000 INFO  [o.n.k.i.DiagnosticsManager]: Graph Database: org.neo4j.kernel.EmbeddedGraphDatabase StoreId[time:1392582456653, id:5394070725813972681, store version: 13561656364791302]
2014-02-16 20:27:36.829+0000 INFO  [o.n.k.i.DiagnosticsManager]: Kernel version: Neo4j - Graph Database Kernel 1.9.6
2014-02-16 20:27:36.829+0000 INFO  [o.n.k.i.DiagnosticsManager]: Neo4j component versions:
2014-02-16 20:27:36.830+0000 INFO  [o.n.k.i.DiagnosticsManager]:   Neo4j - Graph Database Kernel 1.9.6
2014-02-16 20:27:36.830+0000 INFO  [o.n.k.i.DiagnosticsManager]: --- STARTED diagnostics for KernelDiagnostics:Versions END ---
2014-02-16 20:27:36.832+0000 INFO  [o.n.k.i.DiagnosticsManager]: --- STARTED diagnostics for NEO_STORE_VERSIONS START ---
2014-02-16 20:27:36.832+0000 INFO  [o.n.k.i.DiagnosticsManager]: Store versions:
2014-02-16 20:27:36.832+0000 INFO  [o.n.k.i.DiagnosticsManager]: Store versions:
2014-02-16 20:27:36.832+0000 INFO  [o.n.k.i.DiagnosticsManager]:   NeoStore v0.A.0
2014-02-16 20:27:36.832+0000 INFO  [o.n.k.i.DiagnosticsManager]:   NodeStore v0.A.0
2014-02-16 20:27:36.832+0000 INFO  [o.n.k.i.DiagnosticsManager]:   RelationshipStore v0.A.0
2014-02-16 20:27:36.832+0000 INFO  [o.n.k.i.DiagnosticsManager]:   RelationshipTypeStore v0.A.0
2014-02-16 20:27:36.832+0000 INFO  [o.n.k.i.DiagnosticsManager]:   PropertyStore v0.A.0
2014-02-16 20:27:36.832+0000 INFO  [o.n.k.i.DiagnosticsManager]:   PropertyIndexStore v0.A.0
2014-02-16 20:27:36.832+0000 INFO  [o.n.k.i.DiagnosticsManager]:   StringPropertyStore v0.A.0
2014-02-16 20:27:36.832+0000 INFO  [o.n.k.i.DiagnosticsManager]:   ArrayPropertyStore v0.A.0
2014-02-16 20:27:36.832+0000 INFO  [o.n.k.i.DiagnosticsManager]: --- STARTED diagnostics for NEO_STORE_VERSIONS END ---
2014-02-16 20:27:36.832+0000 INFO  [o.n.k.i.DiagnosticsManager]: --- STARTED diagnostics for NEO_STORE_ID_USAGE START ---
2014-02-16 20:27:36.832+0000 INFO  [o.n.k.i.DiagnosticsManager]: Id usage:
2014-02-16 20:27:36.832+0000 INFO  [o.n.k.i.DiagnosticsManager]: Id usage:
2014-02-16 20:27:36.833+0000 INFO  [o.n.k.i.DiagnosticsManager]:   NodeStore: used=1 high=0
2014-02-16 20:27:36.833+0000 INFO  [o.n.k.i.DiagnosticsManager]:   RelationshipStore: used=0 high=-1
2014-02-16 20:27:36.833+0000 INFO  [o.n.k.i.DiagnosticsManager]:   RelationshipTypeStore: used=0 high=-1
2014-02-16 20:27:36.833+0000 INFO  [o.n.k.i.DiagnosticsManager]:   PropertyStore: used=0 high=-1
2014-02-16 20:27:36.833+0000 INFO  [o.n.k.i.DiagnosticsManager]:   PropertyIndexStore: used=0 high=-1
2014-02-16 20:27:36.833+0000 INFO  [o.n.k.i.DiagnosticsManager]:   StringPropertyStore: used=1 high=0
2014-02-16 20:27:36.833+0000 INFO  [o.n.k.i.DiagnosticsManager]:   ArrayPropertyStore: used=1 high=0
2014-02-16 20:27:36.833+0000 INFO  [o.n.k.i.DiagnosticsManager]: --- STARTED diagnostics for NEO_STORE_ID_USAGE END ---
2014-02-16 20:27:36.833+0000 INFO  [o.n.k.i.DiagnosticsManager]: --- STARTED diagnostics for PERSISTENCE_WINDOW_POOL_STATS START ---
2014-02-16 20:27:36.833+0000 INFO  [o.n.k.i.DiagnosticsManager]: --- STARTED diagnostics for PERSISTENCE_WINDOW_POOL_STATS END ---
2014-02-16 20:27:36.834+0000 INFO  [o.n.k.i.DiagnosticsManager]: --- STARTED diagnostics for KernelDiagnostics:StoreFiles START ---
2014-02-16 20:27:36.834+0000 INFO  [o.n.k.i.DiagnosticsManager]: Disk space on partition (Total / Free / Free %): 499082485760 / 74672664576 / 14
Storage files: (filename : modification date - size)
2014-02-16 20:27:36.834+0000 INFO  [o.n.k.i.DiagnosticsManager]:   active_tx_log: 2014-02-16T21:27:36+0100 - 11,00 B
2014-02-16 20:27:36.835+0000 INFO  [o.n.k.i.DiagnosticsManager]:   index:
2014-02-16 20:27:36.835+0000 INFO  [o.n.k.i.DiagnosticsManager]:     lucene-store.db: 2014-02-16T21:27:36+0100 - 40,00 B
2014-02-16 20:27:36.835+0000 INFO  [o.n.k.i.DiagnosticsManager]:     lucene.log.1: 2014-02-16T21:27:36+0100 - 16,00 B
2014-02-16 20:27:36.835+0000 INFO  [o.n.k.i.DiagnosticsManager]:     lucene.log.active: 2014-02-16T21:27:36+0100 - 4,00 B
2014-02-16 20:27:36.836+0000 INFO  [o.n.k.i.DiagnosticsManager]:   - Total: 2014-02-16T21:27:36+0100 - 60,00 B
2014-02-16 20:27:36.836+0000 INFO  [o.n.k.i.DiagnosticsManager]:   lock: 2014-02-16T21:27:36+0100 - 0,00 B
2014-02-16 20:27:36.836+0000 INFO  [o.n.k.i.DiagnosticsManager]:   messages.log: 2014-02-16T21:27:36+0100 - 38,14 kB
2014-02-16 20:27:36.836+0000 INFO  [o.n.k.i.DiagnosticsManager]:   neostore: 2014-02-16T21:27:36+0100 - 54,00 B
2014-02-16 20:27:36.836+0000 INFO  [o.n.k.i.DiagnosticsManager]:   neostore.id: 2014-02-16T21:27:36+0100 - 9,00 B
2014-02-16 20:27:36.837+0000 INFO  [o.n.k.i.DiagnosticsManager]:   neostore.nodestore.db: 2014-02-16T21:27:36+0100 - 9,00 B
2014-02-16 20:27:36.837+0000 INFO  [o.n.k.i.DiagnosticsManager]:   neostore.nodestore.db.id: 2014-02-16T21:27:36+0100 - 9,00 B
2014-02-16 20:27:36.837+0000 INFO  [o.n.k.i.DiagnosticsManager]:   neostore.propertystore.db: 2014-02-16T21:27:36+0100 - 0,00 B
2014-02-16 20:27:36.837+0000 INFO  [o.n.k.i.DiagnosticsManager]:   neostore.propertystore.db.arrays: 2014-02-16T21:27:36+0100 - 128,00 B
2014-02-16 20:27:36.838+0000 INFO  [o.n.k.i.DiagnosticsManager]:   neostore.propertystore.db.arrays.id: 2014-02-16T21:27:36+0100 - 9,00 B
2014-02-16 20:27:36.838+0000 INFO  [o.n.k.i.DiagnosticsManager]:   neostore.propertystore.db.id: 2014-02-16T21:27:36+0100 - 9,00 B
2014-02-16 20:27:36.838+0000 INFO  [o.n.k.i.DiagnosticsManager]:   neostore.propertystore.db.index: 2014-02-16T21:27:36+0100 - 0,00 B
2014-02-16 20:27:36.838+0000 INFO  [o.n.k.i.DiagnosticsManager]:   neostore.propertystore.db.index.id: 2014-02-16T21:27:36+0100 - 9,00 B
2014-02-16 20:27:36.838+0000 INFO  [o.n.k.i.DiagnosticsManager]:   neostore.propertystore.db.index.keys: 2014-02-16T21:27:36+0100 - 38,00 B
2014-02-16 20:27:36.839+0000 INFO  [o.n.k.i.DiagnosticsManager]:   neostore.propertystore.db.index.keys.id: 2014-02-16T21:27:36+0100 - 9,00 B
2014-02-16 20:27:36.839+0000 INFO  [o.n.k.i.DiagnosticsManager]:   neostore.propertystore.db.strings: 2014-02-16T21:27:36+0100 - 128,00 B
2014-02-16 20:27:36.839+0000 INFO  [o.n.k.i.DiagnosticsManager]:   neostore.propertystore.db.strings.id: 2014-02-16T21:27:36+0100 - 9,00 B
2014-02-16 20:27:36.839+0000 INFO  [o.n.k.i.DiagnosticsManager]:   neostore.relationshipstore.db: 2014-02-16T21:27:36+0100 - 0,00 B
2014-02-16 20:27:36.840+0000 INFO  [o.n.k.i.DiagnosticsManager]:   neostore.relationshipstore.db.id: 2014-02-16T21:27:36+0100 - 9,00 B
2014-02-16 20:27:36.840+0000 INFO  [o.n.k.i.DiagnosticsManager]:   neostore.relationshiptypestore.db: 2014-02-16T21:27:36+0100 - 0,00 B
2014-02-16 20:27:36.840+0000 INFO  [o.n.k.i.DiagnosticsManager]:   neostore.relationshiptypestore.db.id: 2014-02-16T21:27:36+0100 - 9,00 B
2014-02-16 20:27:36.840+0000 INFO  [o.n.k.i.DiagnosticsManager]:   neostore.relationshiptypestore.db.names: 2014-02-16T21:27:36+0100 - 38,00 B
2014-02-16 20:27:36.841+0000 INFO  [o.n.k.i.DiagnosticsManager]:   neostore.relationshiptypestore.db.names.id: 2014-02-16T21:27:36+0100 - 9,00 B
2014-02-16 20:27:36.841+0000 INFO  [o.n.k.i.DiagnosticsManager]:   nioneo_logical.log.1: 2014-02-16T21:27:36+0100 - 16,00 B
2014-02-16 20:27:36.841+0000 INFO  [o.n.k.i.DiagnosticsManager]:   nioneo_logical.log.active: 2014-02-16T21:27:36+0100 - 4,00 B
2014-02-16 20:27:36.841+0000 INFO  [o.n.k.i.DiagnosticsManager]:   store_lock: 2014-02-16T21:27:36+0100 - 0,00 B
2014-02-16 20:27:36.841+0000 INFO  [o.n.k.i.DiagnosticsManager]:   tm_tx_log.1: 2014-02-16T21:27:36+0100 - 0,00 B
2014-02-16 20:27:36.841+0000 INFO  [o.n.k.i.DiagnosticsManager]: --- STARTED diagnostics for KernelDiagnostics:StoreFiles END ---
2014-02-16 20:27:36.843+0000 INFO  [o.n.k.EmbeddedGraphDatabase]: GC Monitor started. 
2014-02-16 20:27:36.844+0000 INFO  [o.n.k.EmbeddedGraphDatabase]: Database is now ready
2014-02-16 20:27:37.466+0000 INFO  [o.n.k.i.DiagnosticsManager]: --- SERVER STARTED START ---
2014-02-16 20:27:37.466+0000 INFO  [o.n.k.i.DiagnosticsManager]: --- STARTED diagnostics for org.neo4j.server.configuration.Configurator START ---
2014-02-16 20:27:37.468+0000 INFO  [o.n.k.i.DiagnosticsManager]: Server configuration:
2014-02-16 20:27:37.468+0000 INFO  [o.n.k.i.DiagnosticsManager]: org.neo4j.server.database.location = data/graph.db
2014-02-16 20:27:37.468+0000 INFO  [o.n.k.i.DiagnosticsManager]: org.neo4j.server.webserver.port = 7474
2014-02-16 20:27:37.468+0000 INFO  [o.n.k.i.DiagnosticsManager]: org.neo4j.server.webserver.https.enabled = true
2014-02-16 20:27:37.468+0000 INFO  [o.n.k.i.DiagnosticsManager]: org.neo4j.server.webserver.https.port = 7473
2014-02-16 20:27:37.468+0000 INFO  [o.n.k.i.DiagnosticsManager]: org.neo4j.server.webserver.https.cert.location = conf/ssl/snakeoil.cert
2014-02-16 20:27:37.468+0000 INFO  [o.n.k.i.DiagnosticsManager]: org.neo4j.server.webserver.https.key.location = conf/ssl/snakeoil.key
2014-02-16 20:27:37.468+0000 INFO  [o.n.k.i.DiagnosticsManager]: org.neo4j.server.webserver.https.keystore.location = data/keystore
2014-02-16 20:27:37.468+0000 INFO  [o.n.k.i.DiagnosticsManager]: org.neo4j.server.webadmin.rrdb.location = data/rrd
2014-02-16 20:27:37.468+0000 INFO  [o.n.k.i.DiagnosticsManager]: org.neo4j.server.db.tuning.properties = conf/neo4j.properties
2014-02-16 20:27:37.468+0000 INFO  [o.n.k.i.DiagnosticsManager]: org.neo4j.server.manage.console_engines = [gremlin, shell]
2014-02-16 20:27:37.469+0000 INFO  [o.n.k.i.DiagnosticsManager]: org.neo4j.server.http.log.enabled = false
2014-02-16 20:27:37.469+0000 INFO  [o.n.k.i.DiagnosticsManager]: org.neo4j.server.http.log.config = conf/neo4j-http-logging.xml
2014-02-16 20:27:37.469+0000 INFO  [o.n.k.i.DiagnosticsManager]: org.neo4j.server.webadmin.management.uri = /db/manage/
2014-02-16 20:27:37.469+0000 INFO  [o.n.k.i.DiagnosticsManager]: org.neo4j.server.webadmin.data.uri = /db/data/
2014-02-16 20:27:37.469+0000 INFO  [o.n.k.i.DiagnosticsManager]: --- STARTED diagnostics for org.neo4j.server.configuration.Configurator END ---
2014-02-16 20:27:37.472+0000 INFO  [o.n.k.i.DiagnosticsManager]: Mounted discovery module (org.neo4j.server.rest.discovery) at: /
2014-02-16 20:27:37.502+0000 INFO  [o.n.k.i.DiagnosticsManager]: Loaded server plugin "CypherPlugin" (org.neo4j.server.plugin.cypher.CypherPlugin)
2014-02-16 20:27:37.503+0000 INFO  [o.n.k.i.DiagnosticsManager]:   GraphDatabaseService.execute_query: execute a query
2014-02-16 20:27:37.504+0000 INFO  [o.n.k.i.DiagnosticsManager]: Loaded server plugin "GremlinPlugin" (org.neo4j.server.plugin.gremlin.GremlinPlugin)
2014-02-16 20:27:37.504+0000 INFO  [o.n.k.i.DiagnosticsManager]:   GraphDatabaseService.execute_script: execute a Gremlin script with 'g' set to the Neo4jGraph and 'results' containing the results. Only results of one object type is supported.
2014-02-16 20:27:37.505+0000 INFO  [o.n.k.i.DiagnosticsManager]: Mounted REST API at: /db/data/
2014-02-16 20:27:37.507+0000 INFO  [o.n.k.i.DiagnosticsManager]: Mounted management API at: /db/manage/
2014-02-16 20:27:37.545+0000 INFO  [o.n.k.i.DiagnosticsManager]: Mounted webadmin at: /webadmin
2014-02-16 20:27:38.636+0000 INFO  [o.n.k.i.DiagnosticsManager]: Server started on: http://localhost:7474/
2014-02-16 20:27:38.637+0000 INFO  [o.n.k.i.DiagnosticsManager]: --- SERVER STARTED END ---
