[2013-12-24 10:39:18 Thread-12 Master INFO]
Fortify Static Code Analyzer 6.00.0096
[2013-12-24 10:39:18 Thread-12 Master INFO]
Args:
["-64", "-version", "-verbose", "-quiet", "-b", "XStreamServer", "-logfile", "/Users/alvaro/Development/GitRepos/XStreamServer/target/sca-translate.log", "-source", "1.7", "-cp", "/Users/alvaro/.m2/repository/org/springframework/spring-core/3.2.0.RELEASE/spring-core-3.2.0.RELEASE.jar:/Users/alvaro/.m2/repository/commons-logging/commons-logging/1.1.1/commons-logging-1.1.1.jar:/Users/alvaro/.m2/repository/org/springframework/spring-web/3.2.0.RELEASE/spring-web-3.2.0.RELEASE.jar:/Users/alvaro/.m2/repository/org/springframework/spring-context/3.2.0.RELEASE/spring-context-3.2.0.RELEASE.jar:/Users/alvaro/.m2/repository/org/springframework/spring-aop/3.2.0.RELEASE/spring-aop-3.2.0.RELEASE.jar:/Users/alvaro/.m2/repository/aopalliance/aopalliance/1.0/aopalliance-1.0.jar:/Users/alvaro/.m2/repository/org/springframework/spring-beans/3.2.0.RELEASE/spring-beans-3.2.0.RELEASE.jar:/Users/alvaro/.m2/repository/javax/servlet/servlet-api/2.5/servlet-api-2.5.jar:/Users/alvaro/.m2/repository/javax/servlet/jsp/jsp-api/2.1/jsp-api-2.1.jar:/Users/alvaro/.m2/repository/org/springframework/spring-webmvc/3.2.0.RELEASE/spring-webmvc-3.2.0.RELEASE.jar:/Users/alvaro/.m2/repository/org/springframework/spring-expression/3.2.0.RELEASE/spring-expression-3.2.0.RELEASE.jar:/Users/alvaro/.m2/repository/jstl/jstl/1.2/jstl-1.2.jar:/Users/alvaro/.m2/repository/org/springframework/data/spring-data-jpa/1.2.0.RELEASE/spring-data-jpa-1.2.0.RELEASE.jar:/Users/alvaro/.m2/repository/org/springframework/data/spring-data-commons-core/1.4.0.RELEASE/spring-data-commons-core-1.4.0.RELEASE.jar:/Users/alvaro/.m2/repository/org/springframework/spring-orm/3.1.2.RELEASE/spring-orm-3.1.2.RELEASE.jar:/Users/alvaro/.m2/repository/org/springframework/spring-jdbc/3.1.2.RELEASE/spring-jdbc-3.1.2.RELEASE.jar:/Users/alvaro/.m2/repository/org/springframework/spring-tx/3.1.2.RELEASE/spring-tx-3.1.2.RELEASE.jar:/Users/alvaro/.m2/repository/org/slf4j/slf4j-api/1.6.1/slf4j-api-1.6.1.jar:/Users/alvaro/.m2/repository/org/aspectj/aspectjrt/1.6.12/aspectjrt-1.6.12.jar:/Users/alvaro/.m2/repository/org/hibernate/javax/persistence/hibernate-jpa-2.0-api/1.0.0.Final/hibernate-jpa-2.0-api-1.0.0.Final.jar:/Users/alvaro/.m2/repository/org/hibernate/hibernate-entitymanager/3.6.10.Final/hibernate-entitymanager-3.6.10.Final.jar:/Users/alvaro/.m2/repository/org/hibernate/hibernate-core/3.6.10.Final/hibernate-core-3.6.10.Final.jar:/Users/alvaro/.m2/repository/antlr/antlr/2.7.6/antlr-2.7.6.jar:/Users/alvaro/.m2/repository/commons-collections/commons-collections/3.1/commons-collections-3.1.jar:/Users/alvaro/.m2/repository/dom4j/dom4j/1.6.1/dom4j-1.6.1.jar:/Users/alvaro/.m2/repository/org/hibernate/hibernate-commons-annotations/3.2.0.Final/hibernate-commons-annotations-3.2.0.Final.jar:/Users/alvaro/.m2/repository/javax/transaction/jta/1.1/jta-1.1.jar:/Users/alvaro/.m2/repository/cglib/cglib/2.2/cglib-2.2.jar:/Users/alvaro/.m2/repository/asm/asm/3.1/asm-3.1.jar:/Users/alvaro/.m2/repository/javassist/javassist/3.12.0.GA/javassist-3.12.0.GA.jar:/Users/alvaro/.m2/repository/org/hsqldb/hsqldb/2.2.9/hsqldb-2.2.9.jar:/Users/alvaro/.m2/repository/org/json/json/20080701/json-20080701.jar:/Users/alvaro/.m2/repository/org/springframework/ws/spring-oxm/1.0.2/spring-oxm-1.0.2.jar:/Users/alvaro/.m2/repository/org/springframework/ws/spring-xml/1.0.2/spring-xml-1.0.2.jar:/Users/alvaro/.m2/repository/stax/stax-api/1.0.1/stax-api-1.0.1.jar:/Users/alvaro/.m2/repository/com/thoughtworks/xstream/xstream/1.4.6/xstream-1.4.6.jar:/Users/alvaro/.m2/repository/xmlpull/xmlpull/1.1.3.1/xmlpull-1.1.3.1.jar:/Users/alvaro/.m2/repository/xpp3/xpp3_min/1.1.4c/xpp3_min-1.1.4c.jar", "-java-build-dir", "/Users/alvaro/Development/GitRepos/XStreamServer/target/classes", "/Users/alvaro/Development/GitRepos/XStreamServer/src/main/java"]
[2013-12-24 10:39:18 Thread-12 Master INFO]
VM Args:
"-Dcom.sun.management.jmxremote=true -XX:SoftRefLRUPolicyMSPerMB=100 -Xmx8000M -Xss1M -Xms300M -client -d64"
[2013-12-24 10:39:19 Thread-12 Master INFO]
Translating 4 java files
[2013-12-24 10:39:19 Thread-12 Master INFO 1450]
Processing /Users/alvaro/Development/GitRepos/XStreamServer/src/main/java/org/pwntester/springserver/Contact.java
[2013-12-24 10:39:19 Thread-12 Master INFO 1450]
Processing /Users/alvaro/Development/GitRepos/XStreamServer/src/main/java/org/pwntester/springserver/ContactController.java
[2013-12-24 10:39:19 Thread-12 Master INFO 1450]
Processing /Users/alvaro/Development/GitRepos/XStreamServer/src/main/java/org/pwntester/springserver/ContactImpl.java
[2013-12-24 10:39:19 Thread-12 Master INFO 1450]
Processing /Users/alvaro/Development/GitRepos/XStreamServer/src/main/java/org/pwntester/springserver/ContactRepository.java
[2013-12-24 10:39:19 Thread-12 Master INFO]
Front End complete
[2013-12-24 10:39:22 Thread-12 Master WARNING 101]
File /Users/alvaro/Development/GitRepos/XStreamServer/target/SpringServer not found
[2013-12-24 10:39:22 Thread-12 Master INFO]
Fortify Static Code Analyzer 6.00.0096
[2013-12-24 10:39:22 Thread-12 Master INFO]
Args:
["-64", "-version", "-verbose", "-quiet", "-b", "XStreamServer", "-logfile", "/Users/alvaro/Development/GitRepos/XStreamServer/target/sca-translate.log", "-source", "1.7", "/Users/alvaro/Development/GitRepos/XStreamServer/target/SpringServer", "-cp", ":/Users/alvaro/Development/GitRepos/XStreamServer/target/SpringServer/WEB-INF/classes", "-extdirs", "/Users/alvaro/Development/GitRepos/XStreamServer/target/SpringServer/WEB-INF/lib"]
[2013-12-24 10:39:22 Thread-12 Master INFO]
VM Args:
"-Dcom.sun.management.jmxremote=true -XX:SoftRefLRUPolicyMSPerMB=100 -Xmx8000M -Xss1M -Xms300M -client -d64"
[2013-12-24 10:39:22 Thread-12 Master INFO]
Front End complete
[2014-03-11 17:37:38.942 Thread-12 Master INFO]
Fortify Static Code Analyzer 6.10.0069
[2014-03-11 17:37:38.951 Thread-12 Master INFO]
Args:
["-version", "-verbose", "-quiet", "-b", "SpringXStream", "-logfile", "/Users/alvaro/Development/GitRepos/RSA_RESTing/Demos/SpringXStream/target/sca-translate.log", "-source", "1.7", "-cp", "/Users/alvaro/.m2/repository/org/springframework/spring-core/3.2.0.RELEASE/spring-core-3.2.0.RELEASE.jar:/Users/alvaro/.m2/repository/commons-logging/commons-logging/1.1.1/commons-logging-1.1.1.jar:/Users/alvaro/.m2/repository/org/springframework/spring-web/3.2.0.RELEASE/spring-web-3.2.0.RELEASE.jar:/Users/alvaro/.m2/repository/org/springframework/spring-context/3.2.0.RELEASE/spring-context-3.2.0.RELEASE.jar:/Users/alvaro/.m2/repository/org/springframework/spring-aop/3.2.0.RELEASE/spring-aop-3.2.0.RELEASE.jar:/Users/alvaro/.m2/repository/aopalliance/aopalliance/1.0/aopalliance-1.0.jar:/Users/alvaro/.m2/repository/org/springframework/spring-beans/3.2.0.RELEASE/spring-beans-3.2.0.RELEASE.jar:/Users/alvaro/.m2/repository/javax/servlet/servlet-api/2.5/servlet-api-2.5.jar:/Users/alvaro/.m2/repository/javax/servlet/jsp/jsp-api/2.1/jsp-api-2.1.jar:/Users/alvaro/.m2/repository/org/springframework/spring-webmvc/3.2.0.RELEASE/spring-webmvc-3.2.0.RELEASE.jar:/Users/alvaro/.m2/repository/org/springframework/spring-expression/3.2.0.RELEASE/spring-expression-3.2.0.RELEASE.jar:/Users/alvaro/.m2/repository/jstl/jstl/1.2/jstl-1.2.jar:/Users/alvaro/.m2/repository/org/springframework/data/spring-data-jpa/1.2.0.RELEASE/spring-data-jpa-1.2.0.RELEASE.jar:/Users/alvaro/.m2/repository/org/springframework/data/spring-data-commons-core/1.4.0.RELEASE/spring-data-commons-core-1.4.0.RELEASE.jar:/Users/alvaro/.m2/repository/org/springframework/spring-orm/3.1.2.RELEASE/spring-orm-3.1.2.RELEASE.jar:/Users/alvaro/.m2/repository/org/springframework/spring-jdbc/3.1.2.RELEASE/spring-jdbc-3.1.2.RELEASE.jar:/Users/alvaro/.m2/repository/org/springframework/spring-tx/3.1.2.RELEASE/spring-tx-3.1.2.RELEASE.jar:/Users/alvaro/.m2/repository/org/slf4j/slf4j-api/1.6.1/slf4j-api-1.6.1.jar:/Users/alvaro/.m2/repository/org/aspectj/aspectjrt/1.6.12/aspectjrt-1.6.12.jar:/Users/alvaro/.m2/repository/org/hibernate/javax/persistence/hibernate-jpa-2.0-api/1.0.0.Final/hibernate-jpa-2.0-api-1.0.0.Final.jar:/Users/alvaro/.m2/repository/org/hibernate/hibernate-entitymanager/3.6.10.Final/hibernate-entitymanager-3.6.10.Final.jar:/Users/alvaro/.m2/repository/org/hibernate/hibernate-core/3.6.10.Final/hibernate-core-3.6.10.Final.jar:/Users/alvaro/.m2/repository/antlr/antlr/2.7.6/antlr-2.7.6.jar:/Users/alvaro/.m2/repository/commons-collections/commons-collections/3.1/commons-collections-3.1.jar:/Users/alvaro/.m2/repository/dom4j/dom4j/1.6.1/dom4j-1.6.1.jar:/Users/alvaro/.m2/repository/org/hibernate/hibernate-commons-annotations/3.2.0.Final/hibernate-commons-annotations-3.2.0.Final.jar:/Users/alvaro/.m2/repository/javax/transaction/jta/1.1/jta-1.1.jar:/Users/alvaro/.m2/repository/cglib/cglib/2.2/cglib-2.2.jar:/Users/alvaro/.m2/repository/asm/asm/3.1/asm-3.1.jar:/Users/alvaro/.m2/repository/javassist/javassist/3.12.0.GA/javassist-3.12.0.GA.jar:/Users/alvaro/.m2/repository/org/hsqldb/hsqldb/2.2.9/hsqldb-2.2.9.jar:/Users/alvaro/.m2/repository/org/json/json/20080701/json-20080701.jar:/Users/alvaro/.m2/repository/org/springframework/spring-oxm/4.0.0.BUILD-SNAPSHOT/spring-oxm-4.0.0.BUILD-SNAPSHOT.jar:/Users/alvaro/.m2/repository/com/thoughtworks/xstream/xstream/1.4.6/xstream-1.4.6.jar:/Users/alvaro/.m2/repository/xmlpull/xmlpull/1.1.3.1/xmlpull-1.1.3.1.jar:/Users/alvaro/.m2/repository/xpp3/xpp3_min/1.1.4c/xpp3_min-1.1.4c.jar", "-java-build-dir", "/Users/alvaro/Development/GitRepos/RSA_RESTing/Demos/SpringXStream/target/classes", "/Users/alvaro/Development/GitRepos/RSA_RESTing/Demos/SpringXStream/src/main/java"]
[2014-03-11 17:37:38.952 Thread-12 Master INFO]
VM Args:
"-Djava.awt.headless=true -Dcom.sun.management.jmxremote=true -XX:SoftRefLRUPolicyMSPerMB=3000 -Xmx8000M -Xss1M -Xms300M -server -d64"
[2014-03-11 17:37:39.666 Thread-12 Master INFO]
Translating 5 java files
[2014-03-11 17:37:39.666 Thread-12 Master INFO 1450]
Processing /Users/alvaro/Development/GitRepos/RSA_RESTing/Demos/SpringXStream/src/main/java/org/pwntester/springserver/Contact.java
[2014-03-11 17:37:39.933 Thread-12 Master INFO 1450]
Processing /Users/alvaro/Development/GitRepos/RSA_RESTing/Demos/SpringXStream/src/main/java/org/pwntester/springserver/ContactController.java
[2014-03-11 17:37:39.955 Thread-12 Master INFO 1450]
Processing /Users/alvaro/Development/GitRepos/RSA_RESTing/Demos/SpringXStream/src/main/java/org/pwntester/springserver/ContactConverter.java
[2014-03-11 17:37:39.966 Thread-12 Master INFO 1450]
Processing /Users/alvaro/Development/GitRepos/RSA_RESTing/Demos/SpringXStream/src/main/java/org/pwntester/springserver/ContactImpl.java
[2014-03-11 17:37:39.978 Thread-12 Master INFO 1450]
Processing /Users/alvaro/Development/GitRepos/RSA_RESTing/Demos/SpringXStream/src/main/java/org/pwntester/springserver/ContactRepository.java
[2014-03-11 17:37:40.408 Thread-12 Master INFO]
Front End complete
[2014-03-11 17:37:42.986 Thread-12 Master WARNING 101]
File /Users/alvaro/Development/GitRepos/RSA_RESTing/Demos/SpringXStream/target/SpringXStream not found
[2014-03-11 17:37:43.026 Thread-12 Master INFO]
Fortify Static Code Analyzer 6.10.0069
[2014-03-11 17:37:43.026 Thread-12 Master INFO]
Args:
["-version", "-verbose", "-quiet", "-b", "SpringXStream", "-logfile", "/Users/alvaro/Development/GitRepos/RSA_RESTing/Demos/SpringXStream/target/sca-translate.log", "-source", "1.7", "/Users/alvaro/Development/GitRepos/RSA_RESTing/Demos/SpringXStream/target/SpringXStream", "-cp", ":/Users/alvaro/Development/GitRepos/RSA_RESTing/Demos/SpringXStream/target/SpringXStream/WEB-INF/classes", "-extdirs", "/Users/alvaro/Development/GitRepos/RSA_RESTing/Demos/SpringXStream/target/SpringXStream/WEB-INF/lib"]
[2014-03-11 17:37:43.026 Thread-12 Master INFO]
VM Args:
"-Djava.awt.headless=true -Dcom.sun.management.jmxremote=true -XX:SoftRefLRUPolicyMSPerMB=3000 -Xmx8000M -Xss1M -Xms300M -server -d64"
[2014-03-11 17:37:43.277 Thread-12 Master INFO]
Front End complete
[2014-03-11 17:45:54.460 Thread-12 Master INFO]
Fortify Static Code Analyzer 6.10.0069
[2014-03-11 17:45:54.462 Thread-12 Master INFO]
Args:
["-version", "-verbose", "-quiet", "-b", "SpringXStream", "-logfile", "/Users/alvaro/Development/GitRepos/RSA_RESTing/Demos/SpringXStream/target/sca-translate.log", "-source", "1.7", "-cp", "/Users/alvaro/.m2/repository/org/springframework/spring-core/3.2.0.RELEASE/spring-core-3.2.0.RELEASE.jar:/Users/alvaro/.m2/repository/commons-logging/commons-logging/1.1.1/commons-logging-1.1.1.jar:/Users/alvaro/.m2/repository/org/springframework/spring-web/3.2.0.RELEASE/spring-web-3.2.0.RELEASE.jar:/Users/alvaro/.m2/repository/org/springframework/spring-context/3.2.0.RELEASE/spring-context-3.2.0.RELEASE.jar:/Users/alvaro/.m2/repository/org/springframework/spring-aop/3.2.0.RELEASE/spring-aop-3.2.0.RELEASE.jar:/Users/alvaro/.m2/repository/aopalliance/aopalliance/1.0/aopalliance-1.0.jar:/Users/alvaro/.m2/repository/org/springframework/spring-beans/3.2.0.RELEASE/spring-beans-3.2.0.RELEASE.jar:/Users/alvaro/.m2/repository/javax/servlet/servlet-api/2.5/servlet-api-2.5.jar:/Users/alvaro/.m2/repository/javax/servlet/jsp/jsp-api/2.1/jsp-api-2.1.jar:/Users/alvaro/.m2/repository/org/springframework/spring-webmvc/3.2.0.RELEASE/spring-webmvc-3.2.0.RELEASE.jar:/Users/alvaro/.m2/repository/org/springframework/spring-expression/3.2.0.RELEASE/spring-expression-3.2.0.RELEASE.jar:/Users/alvaro/.m2/repository/jstl/jstl/1.2/jstl-1.2.jar:/Users/alvaro/.m2/repository/org/springframework/data/spring-data-jpa/1.2.0.RELEASE/spring-data-jpa-1.2.0.RELEASE.jar:/Users/alvaro/.m2/repository/org/springframework/data/spring-data-commons-core/1.4.0.RELEASE/spring-data-commons-core-1.4.0.RELEASE.jar:/Users/alvaro/.m2/repository/org/springframework/spring-orm/3.1.2.RELEASE/spring-orm-3.1.2.RELEASE.jar:/Users/alvaro/.m2/repository/org/springframework/spring-jdbc/3.1.2.RELEASE/spring-jdbc-3.1.2.RELEASE.jar:/Users/alvaro/.m2/repository/org/springframework/spring-tx/3.1.2.RELEASE/spring-tx-3.1.2.RELEASE.jar:/Users/alvaro/.m2/repository/org/slf4j/slf4j-api/1.6.1/slf4j-api-1.6.1.jar:/Users/alvaro/.m2/repository/org/aspectj/aspectjrt/1.6.12/aspectjrt-1.6.12.jar:/Users/alvaro/.m2/repository/org/hibernate/javax/persistence/hibernate-jpa-2.0-api/1.0.0.Final/hibernate-jpa-2.0-api-1.0.0.Final.jar:/Users/alvaro/.m2/repository/org/hibernate/hibernate-entitymanager/3.6.10.Final/hibernate-entitymanager-3.6.10.Final.jar:/Users/alvaro/.m2/repository/org/hibernate/hibernate-core/3.6.10.Final/hibernate-core-3.6.10.Final.jar:/Users/alvaro/.m2/repository/antlr/antlr/2.7.6/antlr-2.7.6.jar:/Users/alvaro/.m2/repository/commons-collections/commons-collections/3.1/commons-collections-3.1.jar:/Users/alvaro/.m2/repository/dom4j/dom4j/1.6.1/dom4j-1.6.1.jar:/Users/alvaro/.m2/repository/org/hibernate/hibernate-commons-annotations/3.2.0.Final/hibernate-commons-annotations-3.2.0.Final.jar:/Users/alvaro/.m2/repository/javax/transaction/jta/1.1/jta-1.1.jar:/Users/alvaro/.m2/repository/cglib/cglib/2.2/cglib-2.2.jar:/Users/alvaro/.m2/repository/asm/asm/3.1/asm-3.1.jar:/Users/alvaro/.m2/repository/javassist/javassist/3.12.0.GA/javassist-3.12.0.GA.jar:/Users/alvaro/.m2/repository/org/hsqldb/hsqldb/2.2.9/hsqldb-2.2.9.jar:/Users/alvaro/.m2/repository/org/json/json/20080701/json-20080701.jar:/Users/alvaro/.m2/repository/org/springframework/spring-oxm/4.0.0.BUILD-SNAPSHOT/spring-oxm-4.0.0.BUILD-SNAPSHOT.jar:/Users/alvaro/.m2/repository/com/thoughtworks/xstream/xstream/1.4.6/xstream-1.4.6.jar:/Users/alvaro/.m2/repository/xmlpull/xmlpull/1.1.3.1/xmlpull-1.1.3.1.jar:/Users/alvaro/.m2/repository/xpp3/xpp3_min/1.1.4c/xpp3_min-1.1.4c.jar", "-java-build-dir", "/Users/alvaro/Development/GitRepos/RSA_RESTing/Demos/SpringXStream/target/classes", "/Users/alvaro/Development/GitRepos/RSA_RESTing/Demos/SpringXStream/src/main/java"]
[2014-03-11 17:45:54.462 Thread-12 Master INFO]
VM Args:
"-Djava.awt.headless=true -Dcom.sun.management.jmxremote=true -XX:SoftRefLRUPolicyMSPerMB=3000 -Xmx8000M -Xss1M -Xms300M -server -d64"
[2014-03-11 17:45:55.100 Thread-12 Master INFO]
Translating 5 java files
[2014-03-11 17:45:55.100 Thread-12 Master INFO 1450]
Processing /Users/alvaro/Development/GitRepos/RSA_RESTing/Demos/SpringXStream/src/main/java/org/pwntester/springserver/Contact.java
[2014-03-11 17:45:55.350 Thread-12 Master INFO 1450]
Processing /Users/alvaro/Development/GitRepos/RSA_RESTing/Demos/SpringXStream/src/main/java/org/pwntester/springserver/ContactController.java
[2014-03-11 17:45:55.377 Thread-12 Master INFO 1450]
Processing /Users/alvaro/Development/GitRepos/RSA_RESTing/Demos/SpringXStream/src/main/java/org/pwntester/springserver/ContactConverter.java
[2014-03-11 17:45:55.393 Thread-12 Master INFO 1450]
Processing /Users/alvaro/Development/GitRepos/RSA_RESTing/Demos/SpringXStream/src/main/java/org/pwntester/springserver/ContactImpl.java
[2014-03-11 17:45:55.409 Thread-12 Master INFO 1450]
Processing /Users/alvaro/Development/GitRepos/RSA_RESTing/Demos/SpringXStream/src/main/java/org/pwntester/springserver/ContactRepository.java
[2014-03-11 17:45:55.820 Thread-12 Master INFO]
Front End complete
[2014-03-11 17:45:58.400 Thread-12 Master WARNING 101]
File /Users/alvaro/Development/GitRepos/RSA_RESTing/Demos/SpringXStream/target/SpringXStream not found
[2014-03-11 17:45:58.441 Thread-12 Master INFO]
Fortify Static Code Analyzer 6.10.0069
[2014-03-11 17:45:58.441 Thread-12 Master INFO]
Args:
["-version", "-verbose", "-quiet", "-b", "SpringXStream", "-logfile", "/Users/alvaro/Development/GitRepos/RSA_RESTing/Demos/SpringXStream/target/sca-translate.log", "-source", "1.7", "/Users/alvaro/Development/GitRepos/RSA_RESTing/Demos/SpringXStream/target/SpringXStream", "-cp", ":/Users/alvaro/Development/GitRepos/RSA_RESTing/Demos/SpringXStream/target/SpringXStream/WEB-INF/classes", "-extdirs", "/Users/alvaro/Development/GitRepos/RSA_RESTing/Demos/SpringXStream/target/SpringXStream/WEB-INF/lib"]
[2014-03-11 17:45:58.442 Thread-12 Master INFO]
VM Args:
"-Djava.awt.headless=true -Dcom.sun.management.jmxremote=true -XX:SoftRefLRUPolicyMSPerMB=3000 -Xmx8000M -Xss1M -Xms300M -server -d64"
[2014-03-11 17:45:58.709 Thread-12 Master INFO]
Front End complete
[2014-03-11 17:52:36.340 Thread-12 Master INFO]
Fortify Static Code Analyzer 6.10.0069
[2014-03-11 17:52:36.342 Thread-12 Master INFO]
Args:
["-version", "-verbose", "-quiet", "-b", "SpringXStream", "-logfile", "/Users/alvaro/Development/GitRepos/RSA_RESTing/Demos/SpringXStream/target/sca-translate.log", "-source", "1.7", "-cp", "/Users/alvaro/.m2/repository/org/springframework/spring-core/3.2.0.RELEASE/spring-core-3.2.0.RELEASE.jar:/Users/alvaro/.m2/repository/commons-logging/commons-logging/1.1.1/commons-logging-1.1.1.jar:/Users/alvaro/.m2/repository/org/springframework/spring-web/3.2.0.RELEASE/spring-web-3.2.0.RELEASE.jar:/Users/alvaro/.m2/repository/org/springframework/spring-context/3.2.0.RELEASE/spring-context-3.2.0.RELEASE.jar:/Users/alvaro/.m2/repository/org/springframework/spring-aop/3.2.0.RELEASE/spring-aop-3.2.0.RELEASE.jar:/Users/alvaro/.m2/repository/aopalliance/aopalliance/1.0/aopalliance-1.0.jar:/Users/alvaro/.m2/repository/org/springframework/spring-beans/3.2.0.RELEASE/spring-beans-3.2.0.RELEASE.jar:/Users/alvaro/.m2/repository/javax/servlet/servlet-api/2.5/servlet-api-2.5.jar:/Users/alvaro/.m2/repository/javax/servlet/jsp/jsp-api/2.1/jsp-api-2.1.jar:/Users/alvaro/.m2/repository/org/springframework/spring-webmvc/3.2.0.RELEASE/spring-webmvc-3.2.0.RELEASE.jar:/Users/alvaro/.m2/repository/org/springframework/spring-expression/3.2.0.RELEASE/spring-expression-3.2.0.RELEASE.jar:/Users/alvaro/.m2/repository/jstl/jstl/1.2/jstl-1.2.jar:/Users/alvaro/.m2/repository/org/springframework/data/spring-data-jpa/1.2.0.RELEASE/spring-data-jpa-1.2.0.RELEASE.jar:/Users/alvaro/.m2/repository/org/springframework/data/spring-data-commons-core/1.4.0.RELEASE/spring-data-commons-core-1.4.0.RELEASE.jar:/Users/alvaro/.m2/repository/org/springframework/spring-orm/3.1.2.RELEASE/spring-orm-3.1.2.RELEASE.jar:/Users/alvaro/.m2/repository/org/springframework/spring-jdbc/3.1.2.RELEASE/spring-jdbc-3.1.2.RELEASE.jar:/Users/alvaro/.m2/repository/org/springframework/spring-tx/3.1.2.RELEASE/spring-tx-3.1.2.RELEASE.jar:/Users/alvaro/.m2/repository/org/slf4j/slf4j-api/1.6.1/slf4j-api-1.6.1.jar:/Users/alvaro/.m2/repository/org/aspectj/aspectjrt/1.6.12/aspectjrt-1.6.12.jar:/Users/alvaro/.m2/repository/org/hibernate/javax/persistence/hibernate-jpa-2.0-api/1.0.0.Final/hibernate-jpa-2.0-api-1.0.0.Final.jar:/Users/alvaro/.m2/repository/org/hibernate/hibernate-entitymanager/3.6.10.Final/hibernate-entitymanager-3.6.10.Final.jar:/Users/alvaro/.m2/repository/org/hibernate/hibernate-core/3.6.10.Final/hibernate-core-3.6.10.Final.jar:/Users/alvaro/.m2/repository/antlr/antlr/2.7.6/antlr-2.7.6.jar:/Users/alvaro/.m2/repository/commons-collections/commons-collections/3.1/commons-collections-3.1.jar:/Users/alvaro/.m2/repository/dom4j/dom4j/1.6.1/dom4j-1.6.1.jar:/Users/alvaro/.m2/repository/org/hibernate/hibernate-commons-annotations/3.2.0.Final/hibernate-commons-annotations-3.2.0.Final.jar:/Users/alvaro/.m2/repository/javax/transaction/jta/1.1/jta-1.1.jar:/Users/alvaro/.m2/repository/cglib/cglib/2.2/cglib-2.2.jar:/Users/alvaro/.m2/repository/asm/asm/3.1/asm-3.1.jar:/Users/alvaro/.m2/repository/javassist/javassist/3.12.0.GA/javassist-3.12.0.GA.jar:/Users/alvaro/.m2/repository/org/hsqldb/hsqldb/2.2.9/hsqldb-2.2.9.jar:/Users/alvaro/.m2/repository/org/json/json/20080701/json-20080701.jar:/Users/alvaro/.m2/repository/org/springframework/spring-oxm/4.0.0.BUILD-SNAPSHOT/spring-oxm-4.0.0.BUILD-SNAPSHOT.jar:/Users/alvaro/.m2/repository/com/thoughtworks/xstream/xstream/1.4.6/xstream-1.4.6.jar:/Users/alvaro/.m2/repository/xmlpull/xmlpull/1.1.3.1/xmlpull-1.1.3.1.jar:/Users/alvaro/.m2/repository/xpp3/xpp3_min/1.1.4c/xpp3_min-1.1.4c.jar", "-java-build-dir", "/Users/alvaro/Development/GitRepos/RSA_RESTing/Demos/SpringXStream/target/classes", "/Users/alvaro/Development/GitRepos/RSA_RESTing/Demos/SpringXStream/src/main/java"]
[2014-03-11 17:52:36.342 Thread-12 Master INFO]
VM Args:
"-Djava.awt.headless=true -Dcom.sun.management.jmxremote=true -XX:SoftRefLRUPolicyMSPerMB=3000 -Xmx8000M -Xss1M -Xms300M -server -d64"
[2014-03-11 17:52:37.003 Thread-12 Master INFO]
Translating 5 java files
[2014-03-11 17:52:37.003 Thread-12 Master INFO 1450]
Processing /Users/alvaro/Development/GitRepos/RSA_RESTing/Demos/SpringXStream/src/main/java/org/pwntester/springserver/Contact.java
[2014-03-11 17:52:37.270 Thread-12 Master INFO 1450]
Processing /Users/alvaro/Development/GitRepos/RSA_RESTing/Demos/SpringXStream/src/main/java/org/pwntester/springserver/ContactController.java
[2014-03-11 17:52:37.294 Thread-12 Master INFO 1450]
Processing /Users/alvaro/Development/GitRepos/RSA_RESTing/Demos/SpringXStream/src/main/java/org/pwntester/springserver/ContactConverter.java
[2014-03-11 17:52:37.307 Thread-12 Master INFO 1450]
Processing /Users/alvaro/Development/GitRepos/RSA_RESTing/Demos/SpringXStream/src/main/java/org/pwntester/springserver/ContactImpl.java
[2014-03-11 17:52:37.319 Thread-12 Master INFO 1450]
Processing /Users/alvaro/Development/GitRepos/RSA_RESTing/Demos/SpringXStream/src/main/java/org/pwntester/springserver/ContactRepository.java
[2014-03-11 17:52:37.696 Thread-12 Master INFO]
Front End complete
[2014-03-11 17:52:40.279 Thread-12 Master WARNING 101]
File /Users/alvaro/Development/GitRepos/RSA_RESTing/Demos/SpringXStream/target/SpringXStream not found
[2014-03-11 17:52:40.319 Thread-12 Master INFO]
Fortify Static Code Analyzer 6.10.0069
[2014-03-11 17:52:40.319 Thread-12 Master INFO]
Args:
["-version", "-verbose", "-quiet", "-b", "SpringXStream", "-logfile", "/Users/alvaro/Development/GitRepos/RSA_RESTing/Demos/SpringXStream/target/sca-translate.log", "-source", "1.7", "/Users/alvaro/Development/GitRepos/RSA_RESTing/Demos/SpringXStream/target/SpringXStream", "-cp", ":/Users/alvaro/Development/GitRepos/RSA_RESTing/Demos/SpringXStream/target/SpringXStream/WEB-INF/classes", "-extdirs", "/Users/alvaro/Development/GitRepos/RSA_RESTing/Demos/SpringXStream/target/SpringXStream/WEB-INF/lib"]
[2014-03-11 17:52:40.319 Thread-12 Master INFO]
VM Args:
"-Djava.awt.headless=true -Dcom.sun.management.jmxremote=true -XX:SoftRefLRUPolicyMSPerMB=3000 -Xmx8000M -Xss1M -Xms300M -server -d64"
[2014-03-11 17:52:40.583 Thread-12 Master INFO]
Front End complete
[2014-03-11 17:55:05.080 Thread-12 Master INFO]
Fortify Static Code Analyzer 6.10.0069
[2014-03-11 17:55:05.082 Thread-12 Master INFO]
Args:
["-version", "-verbose", "-quiet", "-b", "SpringXStream", "-logfile", "/Users/alvaro/Development/GitRepos/RSA_RESTing/Demos/SpringXStream/target/sca-translate.log", "-source", "1.7", "-cp", "/Users/alvaro/.m2/repository/org/springframework/spring-core/3.2.0.RELEASE/spring-core-3.2.0.RELEASE.jar:/Users/alvaro/.m2/repository/commons-logging/commons-logging/1.1.1/commons-logging-1.1.1.jar:/Users/alvaro/.m2/repository/org/springframework/spring-web/3.2.0.RELEASE/spring-web-3.2.0.RELEASE.jar:/Users/alvaro/.m2/repository/org/springframework/spring-context/3.2.0.RELEASE/spring-context-3.2.0.RELEASE.jar:/Users/alvaro/.m2/repository/org/springframework/spring-aop/3.2.0.RELEASE/spring-aop-3.2.0.RELEASE.jar:/Users/alvaro/.m2/repository/aopalliance/aopalliance/1.0/aopalliance-1.0.jar:/Users/alvaro/.m2/repository/org/springframework/spring-beans/3.2.0.RELEASE/spring-beans-3.2.0.RELEASE.jar:/Users/alvaro/.m2/repository/javax/servlet/servlet-api/2.5/servlet-api-2.5.jar:/Users/alvaro/.m2/repository/javax/servlet/jsp/jsp-api/2.1/jsp-api-2.1.jar:/Users/alvaro/.m2/repository/org/springframework/spring-webmvc/3.2.0.RELEASE/spring-webmvc-3.2.0.RELEASE.jar:/Users/alvaro/.m2/repository/org/springframework/spring-expression/3.2.0.RELEASE/spring-expression-3.2.0.RELEASE.jar:/Users/alvaro/.m2/repository/jstl/jstl/1.2/jstl-1.2.jar:/Users/alvaro/.m2/repository/org/springframework/data/spring-data-jpa/1.2.0.RELEASE/spring-data-jpa-1.2.0.RELEASE.jar:/Users/alvaro/.m2/repository/org/springframework/data/spring-data-commons-core/1.4.0.RELEASE/spring-data-commons-core-1.4.0.RELEASE.jar:/Users/alvaro/.m2/repository/org/springframework/spring-orm/3.1.2.RELEASE/spring-orm-3.1.2.RELEASE.jar:/Users/alvaro/.m2/repository/org/springframework/spring-jdbc/3.1.2.RELEASE/spring-jdbc-3.1.2.RELEASE.jar:/Users/alvaro/.m2/repository/org/springframework/spring-tx/3.1.2.RELEASE/spring-tx-3.1.2.RELEASE.jar:/Users/alvaro/.m2/repository/org/slf4j/slf4j-api/1.6.1/slf4j-api-1.6.1.jar:/Users/alvaro/.m2/repository/org/aspectj/aspectjrt/1.6.12/aspectjrt-1.6.12.jar:/Users/alvaro/.m2/repository/org/hibernate/javax/persistence/hibernate-jpa-2.0-api/1.0.0.Final/hibernate-jpa-2.0-api-1.0.0.Final.jar:/Users/alvaro/.m2/repository/org/hibernate/hibernate-entitymanager/3.6.10.Final/hibernate-entitymanager-3.6.10.Final.jar:/Users/alvaro/.m2/repository/org/hibernate/hibernate-core/3.6.10.Final/hibernate-core-3.6.10.Final.jar:/Users/alvaro/.m2/repository/antlr/antlr/2.7.6/antlr-2.7.6.jar:/Users/alvaro/.m2/repository/commons-collections/commons-collections/3.1/commons-collections-3.1.jar:/Users/alvaro/.m2/repository/dom4j/dom4j/1.6.1/dom4j-1.6.1.jar:/Users/alvaro/.m2/repository/org/hibernate/hibernate-commons-annotations/3.2.0.Final/hibernate-commons-annotations-3.2.0.Final.jar:/Users/alvaro/.m2/repository/javax/transaction/jta/1.1/jta-1.1.jar:/Users/alvaro/.m2/repository/cglib/cglib/2.2/cglib-2.2.jar:/Users/alvaro/.m2/repository/asm/asm/3.1/asm-3.1.jar:/Users/alvaro/.m2/repository/javassist/javassist/3.12.0.GA/javassist-3.12.0.GA.jar:/Users/alvaro/.m2/repository/org/hsqldb/hsqldb/2.2.9/hsqldb-2.2.9.jar:/Users/alvaro/.m2/repository/org/json/json/20080701/json-20080701.jar:/Users/alvaro/.m2/repository/org/springframework/spring-oxm/4.0.0.BUILD-SNAPSHOT/spring-oxm-4.0.0.BUILD-SNAPSHOT.jar:/Users/alvaro/.m2/repository/com/thoughtworks/xstream/xstream/1.4.6/xstream-1.4.6.jar:/Users/alvaro/.m2/repository/xmlpull/xmlpull/1.1.3.1/xmlpull-1.1.3.1.jar:/Users/alvaro/.m2/repository/xpp3/xpp3_min/1.1.4c/xpp3_min-1.1.4c.jar", "-java-build-dir", "/Users/alvaro/Development/GitRepos/RSA_RESTing/Demos/SpringXStream/target/classes", "/Users/alvaro/Development/GitRepos/RSA_RESTing/Demos/SpringXStream/src/main/java"]
[2014-03-11 17:55:05.082 Thread-12 Master INFO]
VM Args:
"-Djava.awt.headless=true -Dcom.sun.management.jmxremote=true -XX:SoftRefLRUPolicyMSPerMB=3000 -Xmx8000M -Xss1M -Xms300M -server -d64"
[2014-03-11 17:55:05.752 Thread-12 Master INFO]
Translating 5 java files
[2014-03-11 17:55:05.752 Thread-12 Master INFO 1450]
Processing /Users/alvaro/Development/GitRepos/RSA_RESTing/Demos/SpringXStream/src/main/java/org/pwntester/springserver/Contact.java
[2014-03-11 17:55:06.017 Thread-12 Master INFO 1450]
Processing /Users/alvaro/Development/GitRepos/RSA_RESTing/Demos/SpringXStream/src/main/java/org/pwntester/springserver/ContactController.java
[2014-03-11 17:55:06.039 Thread-12 Master INFO 1450]
Processing /Users/alvaro/Development/GitRepos/RSA_RESTing/Demos/SpringXStream/src/main/java/org/pwntester/springserver/ContactConverter.java
[2014-03-11 17:55:06.051 Thread-12 Master INFO 1450]
Processing /Users/alvaro/Development/GitRepos/RSA_RESTing/Demos/SpringXStream/src/main/java/org/pwntester/springserver/ContactImpl.java
[2014-03-11 17:55:06.063 Thread-12 Master INFO 1450]
Processing /Users/alvaro/Development/GitRepos/RSA_RESTing/Demos/SpringXStream/src/main/java/org/pwntester/springserver/ContactRepository.java
[2014-03-11 17:55:06.502 Thread-12 Master INFO]
Front End complete
[2014-03-11 17:55:09.119 Thread-12 Master WARNING 101]
File /Users/alvaro/Development/GitRepos/RSA_RESTing/Demos/SpringXStream/target/SpringXStream not found
[2014-03-11 17:55:09.161 Thread-12 Master INFO]
Fortify Static Code Analyzer 6.10.0069
[2014-03-11 17:55:09.161 Thread-12 Master INFO]
Args:
["-version", "-verbose", "-quiet", "-b", "SpringXStream", "-logfile", "/Users/alvaro/Development/GitRepos/RSA_RESTing/Demos/SpringXStream/target/sca-translate.log", "-source", "1.7", "/Users/alvaro/Development/GitRepos/RSA_RESTing/Demos/SpringXStream/target/SpringXStream", "-cp", ":/Users/alvaro/Development/GitRepos/RSA_RESTing/Demos/SpringXStream/target/SpringXStream/WEB-INF/classes", "-extdirs", "/Users/alvaro/Development/GitRepos/RSA_RESTing/Demos/SpringXStream/target/SpringXStream/WEB-INF/lib"]
[2014-03-11 17:55:09.161 Thread-12 Master INFO]
VM Args:
"-Djava.awt.headless=true -Dcom.sun.management.jmxremote=true -XX:SoftRefLRUPolicyMSPerMB=3000 -Xmx8000M -Xss1M -Xms300M -server -d64"
[2014-03-11 17:55:09.417 Thread-12 Master INFO]
Front End complete
